[ 2015-06-27T12:22:59+08:00 ] 127.0.0.1 /ThinkPHP3.1.3_full/hunlian_front/
INFO: [ app_begin ] --START--
INFO: ReadHtmlCache Behavior ::run [ RunTime:0.001301s ]
INFO: [ app_begin ] --END-- [ RunTime:0.001472s ]
SQL: SHOW COLUMNS FROM `hunlian_form` [ RunTime:0.003056s ]
ERR: 1146:Table 'hunlian.hunlian_form' doesn't exist
 [ SQL语句 ] : SHOW COLUMNS FROM `hunlian_form`
SQL: SELECT * FROM `hunlian_form` ORDER BY id desc LIMIT 3   [ RunTime:0.001000s ]
ERR: 1146:Table 'hunlian.hunlian_form' doesn't exist
 [ SQL语句 ] : SELECT * FROM `hunlian_form` ORDER BY id desc LIMIT 3  
INFO: [ view_parse ] --START--
INFO: ParseTemplate Behavior ::run [ RunTime:0.083607s ]
INFO: [ view_parse ] --END-- [ RunTime:0.083777s ]
INFO: [ view_filter ] --START--
INFO: ContentReplace Behavior ::run [ RunTime:0.002021s ]
INFO: TokenBuild Behavior ::run [ RunTime:0.002163s ]
INFO: WriteHtmlCache Behavior ::run [ RunTime:0.003110s ]
INFO: ShowRuntime Behavior ::run [ RunTime:0.005080s ]
INFO: [ view_filter ] --END-- [ RunTime:0.012845s ]
INFO: [ view_end ] --START--
INFO: ShowPageTrace Behavior ::run [ RunTime:0.017261s ]
INFO: [ view_end ] --END-- [ RunTime:0.017415s ]

