[ 2015-06-22T03:47:43+08:00 ] 127.0.0.1 /ThinkPHP3.1.3_full/hunlian_back/index.php
INFO: [ app_begin ] --START--
INFO: ReadHtmlCache Behavior ::run [ RunTime:0.001247s ]
INFO: [ app_begin ] --END-- [ RunTime:0.001397s ]
SQL: SHOW COLUMNS FROM `hunlian_form` [ RunTime:0.003377s ]
ERR: 1146:Table 'hunlian.hunlian_form' doesn't exist
 [ SQL语句 ] : SHOW COLUMNS FROM `hunlian_form`
SQL: SELECT * FROM `hunlian_form` ORDER BY id desc LIMIT 3   [ RunTime:0.005659s ]
ERR: 1146:Table 'hunlian.hunlian_form' doesn't exist
 [ SQL语句 ] : SELECT * FROM `hunlian_form` ORDER BY id desc LIMIT 3  
INFO: [ view_parse ] --START--
INFO: ParseTemplate Behavior ::run [ RunTime:0.040483s ]
INFO: [ view_parse ] --END-- [ RunTime:0.040713s ]
INFO: [ view_filter ] --START--
INFO: ContentReplace Behavior ::run [ RunTime:0.003519s ]
INFO: TokenBuild Behavior ::run [ RunTime:0.001435s ]
INFO: WriteHtmlCache Behavior ::run [ RunTime:0.003166s ]
INFO: ShowRuntime Behavior ::run [ RunTime:0.022318s ]
INFO: [ view_filter ] --END-- [ RunTime:0.031138s ]
INFO: [ view_end ] --START--
INFO: ShowPageTrace Behavior ::run [ RunTime:0.005840s ]
INFO: [ view_end ] --END-- [ RunTime:0.005966s ]

