[ 2015-06-22T16:28:47+08:00 ] 127.0.0.1 /ThinkPHP3.1.3_full/page/
INFO: [ app_begin ] --START--
INFO: ReadHtmlCache Behavior ::run [ RunTime:0.005877s ]
INFO: [ app_begin ] --END-- [ RunTime:0.006102s ]
SQL: SHOW COLUMNS FROM `think_form` [ RunTime:0.018426s ]
SQL: SELECT COUNT(*) AS tp_count FROM `think_form` LIMIT 1   [ RunTime:0.004289s ]
SQL: SELECT * FROM `think_form` ORDER BY id desc LIMIT 0,5   [ RunTime:0.000284s ]
INFO: [ view_parse ] --START--
INFO: ParseTemplate Behavior ::run [ RunTime:0.047166s ]
INFO: [ view_parse ] --END-- [ RunTime:0.047345s ]
INFO: [ view_filter ] --START--
INFO: ContentReplace Behavior ::run [ RunTime:0.001233s ]
INFO: TokenBuild Behavior ::run [ RunTime:0.001051s ]
INFO: WriteHtmlCache Behavior ::run [ RunTime:0.001096s ]
INFO: ShowRuntime Behavior ::run [ RunTime:0.004162s ]
INFO: [ view_filter ] --END-- [ RunTime:0.007909s ]
INFO: [ view_end ] --START--
INFO: ShowPageTrace Behavior ::run [ RunTime:0.001553s ]
INFO: [ view_end ] --END-- [ RunTime:0.001691s ]

[ 2015-06-22T16:29:00+08:00 ] 127.0.0.1 /ThinkPHP3.1.3_full/page/
INFO: [ app_begin ] --START--
INFO: ReadHtmlCache Behavior ::run [ RunTime:0.001449s ]
INFO: [ app_begin ] --END-- [ RunTime:0.001661s ]
SQL: SHOW COLUMNS FROM `think_form` [ RunTime:0.004987s ]
SQL: SELECT COUNT(*) AS tp_count FROM `think_form` LIMIT 1   [ RunTime:0.005262s ]
SQL: SELECT * FROM `think_form` ORDER BY id desc LIMIT 0,5   [ RunTime:0.000352s ]
INFO: [ view_parse ] --START--
INFO: ParseTemplate Behavior ::run [ RunTime:0.031184s ]
INFO: [ view_parse ] --END-- [ RunTime:0.031392s ]
INFO: [ view_filter ] --START--
INFO: ContentReplace Behavior ::run [ RunTime:0.000981s ]
INFO: TokenBuild Behavior ::run [ RunTime:0.000732s ]
INFO: WriteHtmlCache Behavior ::run [ RunTime:0.000473s ]
INFO: ShowRuntime Behavior ::run [ RunTime:0.004460s ]
INFO: [ view_filter ] --END-- [ RunTime:0.007079s ]
INFO: [ view_end ] --START--
INFO: ShowPageTrace Behavior ::run [ RunTime:0.002609s ]
INFO: [ view_end ] --END-- [ RunTime:0.002758s ]

[ 2015-06-22T16:29:02+08:00 ] 127.0.0.1 /ThinkPHP3.1.3_full/page/
INFO: [ app_begin ] --START--
INFO: ReadHtmlCache Behavior ::run [ RunTime:0.000826s ]
INFO: [ app_begin ] --END-- [ RunTime:0.001027s ]
SQL: SHOW COLUMNS FROM `think_form` [ RunTime:0.003481s ]
SQL: SELECT COUNT(*) AS tp_count FROM `think_form` LIMIT 1   [ RunTime:0.002886s ]
SQL: SELECT * FROM `think_form` ORDER BY id desc LIMIT 0,5   [ RunTime:0.000371s ]
INFO: [ view_parse ] --START--
INFO: ParseTemplate Behavior ::run [ RunTime:0.036774s ]
INFO: [ view_parse ] --END-- [ RunTime:0.036935s ]
INFO: [ view_filter ] --START--
INFO: ContentReplace Behavior ::run [ RunTime:0.003856s ]
INFO: TokenBuild Behavior ::run [ RunTime:0.000629s ]
INFO: WriteHtmlCache Behavior ::run [ RunTime:0.000688s ]
INFO: ShowRuntime Behavior ::run [ RunTime:0.002778s ]
INFO: [ view_filter ] --END-- [ RunTime:0.008329s ]
INFO: [ view_end ] --START--
INFO: ShowPageTrace Behavior ::run [ RunTime:0.000945s ]
INFO: [ view_end ] --END-- [ RunTime:0.001061s ]

[ 2015-06-22T16:29:02+08:00 ] 127.0.0.1 /ThinkPHP3.1.3_full/page/
INFO: [ app_begin ] --START--
INFO: ReadHtmlCache Behavior ::run [ RunTime:0.002799s ]
INFO: [ app_begin ] --END-- [ RunTime:0.002961s ]
SQL: SHOW COLUMNS FROM `think_form` [ RunTime:0.003094s ]
SQL: SELECT COUNT(*) AS tp_count FROM `think_form` LIMIT 1   [ RunTime:0.003470s ]
SQL: SELECT * FROM `think_form` ORDER BY id desc LIMIT 0,5   [ RunTime:0.000280s ]
INFO: [ view_parse ] --START--
INFO: ParseTemplate Behavior ::run [ RunTime:0.033550s ]
INFO: [ view_parse ] --END-- [ RunTime:0.033767s ]
INFO: [ view_filter ] --START--
INFO: ContentReplace Behavior ::run [ RunTime:0.002690s ]
INFO: TokenBuild Behavior ::run [ RunTime:0.000576s ]
INFO: WriteHtmlCache Behavior ::run [ RunTime:0.000352s ]
INFO: ShowRuntime Behavior ::run [ RunTime:0.001977s ]
INFO: [ view_filter ] --END-- [ RunTime:0.005934s ]
INFO: [ view_end ] --START--
INFO: ShowPageTrace Behavior ::run [ RunTime:0.002095s ]
INFO: [ view_end ] --END-- [ RunTime:0.002217s ]

[ 2015-06-22T16:29:03+08:00 ] 127.0.0.1 /ThinkPHP3.1.3_full/page/
INFO: [ app_begin ] --START--
INFO: ReadHtmlCache Behavior ::run [ RunTime:0.000892s ]
INFO: [ app_begin ] --END-- [ RunTime:0.001069s ]
SQL: SHOW COLUMNS FROM `think_form` [ RunTime:0.004429s ]
SQL: SELECT COUNT(*) AS tp_count FROM `think_form` LIMIT 1   [ RunTime:0.003138s ]
SQL: SELECT * FROM `think_form` ORDER BY id desc LIMIT 0,5   [ RunTime:0.000285s ]
INFO: [ view_parse ] --START--
INFO: ParseTemplate Behavior ::run [ RunTime:0.031163s ]
INFO: [ view_parse ] --END-- [ RunTime:0.031374s ]
INFO: [ view_filter ] --START--
INFO: ContentReplace Behavior ::run [ RunTime:0.022265s ]
INFO: TokenBuild Behavior ::run [ RunTime:0.000562s ]
INFO: WriteHtmlCache Behavior ::run [ RunTime:0.000378s ]
INFO: ShowRuntime Behavior ::run [ RunTime:0.013232s ]
INFO: [ view_filter ] --END-- [ RunTime:0.037200s ]
INFO: [ view_end ] --START--
INFO: ShowPageTrace Behavior ::run [ RunTime:0.000955s ]
INFO: [ view_end ] --END-- [ RunTime:0.001075s ]

[ 2015-06-22T16:29:04+08:00 ] 127.0.0.1 /ThinkPHP3.1.3_full/page/
INFO: [ app_begin ] --START--
INFO: ReadHtmlCache Behavior ::run [ RunTime:0.002645s ]
INFO: [ app_begin ] --END-- [ RunTime:0.002808s ]
SQL: SHOW COLUMNS FROM `think_form` [ RunTime:0.003165s ]
SQL: SELECT COUNT(*) AS tp_count FROM `think_form` LIMIT 1   [ RunTime:0.002813s ]
SQL: SELECT * FROM `think_form` ORDER BY id desc LIMIT 0,5   [ RunTime:0.000287s ]
INFO: [ view_parse ] --START--
INFO: ParseTemplate Behavior ::run [ RunTime:0.044505s ]
INFO: [ view_parse ] --END-- [ RunTime:0.044668s ]
INFO: [ view_filter ] --START--
INFO: ContentReplace Behavior ::run [ RunTime:0.006074s ]
INFO: TokenBuild Behavior ::run [ RunTime:0.007206s ]
INFO: WriteHtmlCache Behavior ::run [ RunTime:0.002489s ]
INFO: ShowRuntime Behavior ::run [ RunTime:0.001698s ]
INFO: [ view_filter ] --END-- [ RunTime:0.017962s ]
INFO: [ view_end ] --START--
INFO: ShowPageTrace Behavior ::run [ RunTime:0.003820s ]
INFO: [ view_end ] --END-- [ RunTime:0.003944s ]

[ 2015-06-22T16:29:04+08:00 ] 127.0.0.1 /ThinkPHP3.1.3_full/page/
INFO: [ app_begin ] --START--
INFO: ReadHtmlCache Behavior ::run [ RunTime:0.002772s ]
INFO: [ app_begin ] --END-- [ RunTime:0.002938s ]
SQL: SHOW COLUMNS FROM `think_form` [ RunTime:0.006484s ]
SQL: SELECT COUNT(*) AS tp_count FROM `think_form` LIMIT 1   [ RunTime:0.006203s ]
SQL: SELECT * FROM `think_form` ORDER BY id desc LIMIT 0,5   [ RunTime:0.000280s ]
INFO: [ view_parse ] --START--
INFO: ParseTemplate Behavior ::run [ RunTime:0.024434s ]
INFO: [ view_parse ] --END-- [ RunTime:0.024597s ]
INFO: [ view_filter ] --START--
INFO: ContentReplace Behavior ::run [ RunTime:0.001237s ]
INFO: TokenBuild Behavior ::run [ RunTime:0.005195s ]
INFO: WriteHtmlCache Behavior ::run [ RunTime:0.003962s ]
INFO: ShowRuntime Behavior ::run [ RunTime:0.002956s ]
INFO: [ view_filter ] --END-- [ RunTime:0.013729s ]
INFO: [ view_end ] --START--
INFO: ShowPageTrace Behavior ::run [ RunTime:0.001372s ]
INFO: [ view_end ] --END-- [ RunTime:0.001495s ]

[ 2015-06-22T16:29:04+08:00 ] 127.0.0.1 /ThinkPHP3.1.3_full/page/
INFO: [ app_begin ] --START--
INFO: ReadHtmlCache Behavior ::run [ RunTime:0.002606s ]
INFO: [ app_begin ] --END-- [ RunTime:0.002772s ]
SQL: SHOW COLUMNS FROM `think_form` [ RunTime:0.003322s ]
SQL: SELECT COUNT(*) AS tp_count FROM `think_form` LIMIT 1   [ RunTime:0.002753s ]
SQL: SELECT * FROM `think_form` ORDER BY id desc LIMIT 0,5   [ RunTime:0.000320s ]
INFO: [ view_parse ] --START--
INFO: ParseTemplate Behavior ::run [ RunTime:0.035683s ]
INFO: [ view_parse ] --END-- [ RunTime:0.035843s ]
INFO: [ view_filter ] --START--
INFO: ContentReplace Behavior ::run [ RunTime:0.002712s ]
INFO: TokenBuild Behavior ::run [ RunTime:0.005945s ]
INFO: WriteHtmlCache Behavior ::run [ RunTime:0.001124s ]
INFO: ShowRuntime Behavior ::run [ RunTime:0.012213s ]
INFO: [ view_filter ] --END-- [ RunTime:0.022372s ]
INFO: [ view_end ] --START--
INFO: ShowPageTrace Behavior ::run [ RunTime:0.006059s ]
INFO: [ view_end ] --END-- [ RunTime:0.006182s ]

[ 2015-06-22T16:29:23+08:00 ] 127.0.0.1 /ThinkPHP3.1.3_full/page/
INFO: [ app_begin ] --START--
INFO: ReadHtmlCache Behavior ::run [ RunTime:0.001253s ]
INFO: [ app_begin ] --END-- [ RunTime:0.001416s ]
NOTIC: [2] mysql_connect() [<a href='function.mysql-connect'>function.mysql-connect</a>]: Access denied for user 'root'@'localhost' (using password: NO) D:\www\ThinkPHP3.1.3_full\ThinkPHP\Lib\Driver\Db\DbMysql.class.php 第 55 行.
ERR: Access denied for user 'root'@'localhost' (using password: NO)

[ 2015-06-22T16:29:25+08:00 ] 127.0.0.1 /ThinkPHP3.1.3_full/page/
INFO: [ app_begin ] --START--
INFO: ReadHtmlCache Behavior ::run [ RunTime:0.008030s ]
INFO: [ app_begin ] --END-- [ RunTime:0.008291s ]
NOTIC: [2] mysql_connect() [<a href='function.mysql-connect'>function.mysql-connect</a>]: Access denied for user 'root'@'localhost' (using password: NO) D:\www\ThinkPHP3.1.3_full\ThinkPHP\Lib\Driver\Db\DbMysql.class.php 第 55 行.
ERR: Access denied for user 'root'@'localhost' (using password: NO)

[ 2015-06-22T16:29:26+08:00 ] 127.0.0.1 /ThinkPHP3.1.3_full/page/
INFO: [ app_begin ] --START--
INFO: ReadHtmlCache Behavior ::run [ RunTime:0.001126s ]
INFO: [ app_begin ] --END-- [ RunTime:0.001348s ]
NOTIC: [2] mysql_connect() [<a href='function.mysql-connect'>function.mysql-connect</a>]: Access denied for user 'root'@'localhost' (using password: NO) D:\www\ThinkPHP3.1.3_full\ThinkPHP\Lib\Driver\Db\DbMysql.class.php 第 55 行.
ERR: Access denied for user 'root'@'localhost' (using password: NO)

[ 2015-06-22T16:29:33+08:00 ] 127.0.0.1 /ThinkPHP3.1.3_full/page/
INFO: [ app_begin ] --START--
INFO: ReadHtmlCache Behavior ::run [ RunTime:0.001558s ]
INFO: [ app_begin ] --END-- [ RunTime:0.001762s ]
SQL: SHOW COLUMNS FROM `think_form` [ RunTime:0.006551s ]
SQL: SELECT COUNT(*) AS tp_count FROM `think_form` LIMIT 1   [ RunTime:0.003912s ]
SQL: SELECT * FROM `think_form` ORDER BY id desc LIMIT 0,5   [ RunTime:0.000321s ]
INFO: [ view_parse ] --START--
INFO: ParseTemplate Behavior ::run [ RunTime:0.024416s ]
INFO: [ view_parse ] --END-- [ RunTime:0.024628s ]
INFO: [ view_filter ] --START--
INFO: ContentReplace Behavior ::run [ RunTime:0.001672s ]
INFO: TokenBuild Behavior ::run [ RunTime:0.001248s ]
INFO: WriteHtmlCache Behavior ::run [ RunTime:0.000892s ]
INFO: ShowRuntime Behavior ::run [ RunTime:0.004477s ]
INFO: [ view_filter ] --END-- [ RunTime:0.008712s ]
INFO: [ view_end ] --START--
INFO: ShowPageTrace Behavior ::run [ RunTime:0.005733s ]
INFO: [ view_end ] --END-- [ RunTime:0.005855s ]

