[ 2015-06-22T03:47:43+08:00 ] 127.0.0.1 /ThinkPHP3.1.3_full/hunlian_back/index.php
INFO: [ app_begin ] --START--
INFO: ReadHtmlCache Behavior ::run [ RunTime:0.001247s ]
INFO: [ app_begin ] --END-- [ RunTime:0.001397s ]
SQL: SHOW COLUMNS FROM `hunlian_form` [ RunTime:0.003377s ]
ERR: 1146:Table 'hunlian.hunlian_form' doesn't exist
 [ SQL语句 ] : SHOW COLUMNS FROM `hunlian_form`
SQL: SELECT * FROM `hunlian_form` ORDER BY id desc LIMIT 3   [ RunTime:0.005659s ]
ERR: 1146:Table 'hunlian.hunlian_form' doesn't exist
 [ SQL语句 ] : SELECT * FROM `hunlian_form` ORDER BY id desc LIMIT 3  
INFO: [ view_parse ] --START--
INFO: ParseTemplate Behavior ::run [ RunTime:0.040483s ]
INFO: [ view_parse ] --END-- [ RunTime:0.040713s ]
INFO: [ view_filter ] --START--
INFO: ContentReplace Behavior ::run [ RunTime:0.003519s ]
INFO: TokenBuild Behavior ::run [ RunTime:0.001435s ]
INFO: WriteHtmlCache Behavior ::run [ RunTime:0.003166s ]
INFO: ShowRuntime Behavior ::run [ RunTime:0.022318s ]
INFO: [ view_filter ] --END-- [ RunTime:0.031138s ]
INFO: [ view_end ] --START--
INFO: ShowPageTrace Behavior ::run [ RunTime:0.005840s ]
INFO: [ view_end ] --END-- [ RunTime:0.005966s ]

[ 2015-06-22T04:10:45+08:00 ] 127.0.0.1 /ThinkPHP3.1.3_full/hunlian_back/index.php
INFO: [ app_begin ] --START--
INFO: ReadHtmlCache Behavior ::run [ RunTime:0.005979s ]
INFO: [ app_begin ] --END-- [ RunTime:0.006366s ]
SQL: SHOW COLUMNS FROM `hunlian_form` [ RunTime:0.032999s ]
ERR: 1146:Table 'hunlian.hunlian_form' doesn't exist
 [ SQL语句 ] : SHOW COLUMNS FROM `hunlian_form`
SQL: SELECT * FROM `hunlian_form` ORDER BY id desc LIMIT 3   [ RunTime:0.011462s ]
ERR: 1146:Table 'hunlian.hunlian_form' doesn't exist
 [ SQL语句 ] : SELECT * FROM `hunlian_form` ORDER BY id desc LIMIT 3  
INFO: [ view_parse ] --START--
INFO: ParseTemplate Behavior ::run [ RunTime:0.097031s ]
INFO: [ view_parse ] --END-- [ RunTime:0.098441s ]
INFO: [ view_filter ] --START--
INFO: ContentReplace Behavior ::run [ RunTime:0.061167s ]
INFO: TokenBuild Behavior ::run [ RunTime:0.068363s ]
INFO: WriteHtmlCache Behavior ::run [ RunTime:0.124274s ]
INFO: ShowRuntime Behavior ::run [ RunTime:0.093426s ]
INFO: [ view_filter ] --END-- [ RunTime:0.349817s ]
INFO: [ view_end ] --START--
INFO: ShowPageTrace Behavior ::run [ RunTime:0.167337s ]
INFO: [ view_end ] --END-- [ RunTime:0.167539s ]

[ 2015-06-22T04:18:05+08:00 ] 127.0.0.1 /ThinkPHP3.1.3_full/hunlian_back/index.php
INFO: [ app_begin ] --START--
INFO: ReadHtmlCache Behavior ::run [ RunTime:0.001313s ]
INFO: [ app_begin ] --END-- [ RunTime:0.001513s ]
SQL: SHOW COLUMNS FROM `hunlian_form` [ RunTime:0.004041s ]
ERR: 1146:Table 'hunlian.hunlian_form' doesn't exist
 [ SQL语句 ] : SHOW COLUMNS FROM `hunlian_form`
SQL: SELECT * FROM `hunlian_form` ORDER BY id desc LIMIT 3   [ RunTime:0.002404s ]
ERR: 1146:Table 'hunlian.hunlian_form' doesn't exist
 [ SQL语句 ] : SELECT * FROM `hunlian_form` ORDER BY id desc LIMIT 3  
INFO: [ view_parse ] --START--
INFO: ParseTemplate Behavior ::run [ RunTime:0.100520s ]
INFO: [ view_parse ] --END-- [ RunTime:0.100682s ]
INFO: [ view_filter ] --START--
INFO: ContentReplace Behavior ::run [ RunTime:0.002048s ]
INFO: TokenBuild Behavior ::run [ RunTime:0.017027s ]
INFO: WriteHtmlCache Behavior ::run [ RunTime:0.003938s ]
INFO: ShowRuntime Behavior ::run [ RunTime:0.006324s ]
INFO: [ view_filter ] --END-- [ RunTime:0.029720s ]
INFO: [ view_end ] --START--
INFO: ShowPageTrace Behavior ::run [ RunTime:0.011059s ]
INFO: [ view_end ] --END-- [ RunTime:0.011275s ]

[ 2015-06-22T04:18:09+08:00 ] 127.0.0.1 /ThinkPHP3.1.3_full/hunlian_back/index.php
INFO: [ app_begin ] --START--
INFO: ReadHtmlCache Behavior ::run [ RunTime:0.008777s ]
INFO: [ app_begin ] --END-- [ RunTime:0.008939s ]
SQL: SHOW COLUMNS FROM `hunlian_form` [ RunTime:0.003787s ]
ERR: 1146:Table 'hunlian.hunlian_form' doesn't exist
 [ SQL语句 ] : SHOW COLUMNS FROM `hunlian_form`
SQL: SELECT * FROM `hunlian_form` ORDER BY id desc LIMIT 3   [ RunTime:0.003035s ]
ERR: 1146:Table 'hunlian.hunlian_form' doesn't exist
 [ SQL语句 ] : SELECT * FROM `hunlian_form` ORDER BY id desc LIMIT 3  
INFO: [ view_parse ] --START--
INFO: ParseTemplate Behavior ::run [ RunTime:0.063483s ]
INFO: [ view_parse ] --END-- [ RunTime:0.063640s ]
INFO: [ view_filter ] --START--
INFO: ContentReplace Behavior ::run [ RunTime:0.001757s ]
INFO: TokenBuild Behavior ::run [ RunTime:0.002284s ]
INFO: WriteHtmlCache Behavior ::run [ RunTime:0.006835s ]
INFO: ShowRuntime Behavior ::run [ RunTime:0.004990s ]
INFO: [ view_filter ] --END-- [ RunTime:0.027069s ]
INFO: [ view_end ] --START--
INFO: ShowPageTrace Behavior ::run [ RunTime:0.006119s ]
INFO: [ view_end ] --END-- [ RunTime:0.006242s ]

[ 2015-06-22T04:18:40+08:00 ] 127.0.0.1 /ThinkPHP3.1.3_full/hunlian_back/index.php
INFO: [ app_begin ] --START--
INFO: ReadHtmlCache Behavior ::run [ RunTime:0.001014s ]
INFO: [ app_begin ] --END-- [ RunTime:0.001184s ]
SQL: SHOW COLUMNS FROM `hunlian_form` [ RunTime:0.004777s ]
ERR: 1146:Table 'hunlian.hunlian_form' doesn't exist
 [ SQL语句 ] : SHOW COLUMNS FROM `hunlian_form`
SQL: SELECT * FROM `hunlian_form` ORDER BY id desc LIMIT 3   [ RunTime:0.008684s ]
ERR: 1146:Table 'hunlian.hunlian_form' doesn't exist
 [ SQL语句 ] : SELECT * FROM `hunlian_form` ORDER BY id desc LIMIT 3  
INFO: [ view_parse ] --START--
INFO: ParseTemplate Behavior ::run [ RunTime:0.057825s ]
INFO: [ view_parse ] --END-- [ RunTime:0.058055s ]
INFO: [ view_filter ] --START--
INFO: ContentReplace Behavior ::run [ RunTime:0.002729s ]
INFO: TokenBuild Behavior ::run [ RunTime:0.000852s ]
INFO: WriteHtmlCache Behavior ::run [ RunTime:0.000539s ]
INFO: ShowRuntime Behavior ::run [ RunTime:0.000995s ]
INFO: [ view_filter ] --END-- [ RunTime:0.005553s ]
INFO: [ view_end ] --START--
INFO: ShowPageTrace Behavior ::run [ RunTime:0.005603s ]
INFO: [ view_end ] --END-- [ RunTime:0.005774s ]

[ 2015-06-22T04:23:29+08:00 ] 127.0.0.1 /ThinkPHP3.1.3_full/hunlian_back/index.php
INFO: [ app_begin ] --START--
INFO: ReadHtmlCache Behavior ::run [ RunTime:0.003804s ]
INFO: [ app_begin ] --END-- [ RunTime:0.004014s ]
SQL: SHOW COLUMNS FROM `hunlian_form` [ RunTime:0.005147s ]
ERR: 1146:Table 'hunlian.hunlian_form' doesn't exist
 [ SQL语句 ] : SHOW COLUMNS FROM `hunlian_form`
SQL: SELECT * FROM `hunlian_form` ORDER BY id desc LIMIT 3   [ RunTime:0.003667s ]
ERR: 1146:Table 'hunlian.hunlian_form' doesn't exist
 [ SQL语句 ] : SELECT * FROM `hunlian_form` ORDER BY id desc LIMIT 3  
INFO: [ view_parse ] --START--
INFO: ParseTemplate Behavior ::run [ RunTime:0.081160s ]
INFO: [ view_parse ] --END-- [ RunTime:0.081359s ]
INFO: [ view_filter ] --START--
INFO: ContentReplace Behavior ::run [ RunTime:0.003352s ]
INFO: TokenBuild Behavior ::run [ RunTime:0.005089s ]
INFO: WriteHtmlCache Behavior ::run [ RunTime:0.001799s ]
INFO: ShowRuntime Behavior ::run [ RunTime:0.002179s ]
INFO: [ view_filter ] --END-- [ RunTime:0.012794s ]
INFO: [ view_end ] --START--
INFO: ShowPageTrace Behavior ::run [ RunTime:0.003665s ]
INFO: [ view_end ] --END-- [ RunTime:0.003832s ]

[ 2015-06-22T04:23:59+08:00 ] 127.0.0.1 /ThinkPHP3.1.3_full/hunlian_back/index.php
INFO: [ app_begin ] --START--
INFO: ReadHtmlCache Behavior ::run [ RunTime:0.001561s ]
INFO: [ app_begin ] --END-- [ RunTime:0.001728s ]
SQL: SHOW COLUMNS FROM `hunlian_form` [ RunTime:0.004904s ]
ERR: 1146:Table 'hunlian.hunlian_form' doesn't exist
 [ SQL语句 ] : SHOW COLUMNS FROM `hunlian_form`
SQL: SELECT * FROM `hunlian_form` ORDER BY id desc LIMIT 3   [ RunTime:0.004333s ]
ERR: 1146:Table 'hunlian.hunlian_form' doesn't exist
 [ SQL语句 ] : SELECT * FROM `hunlian_form` ORDER BY id desc LIMIT 3  
INFO: [ view_parse ] --START--
INFO: ParseTemplate Behavior ::run [ RunTime:0.038270s ]
INFO: [ view_parse ] --END-- [ RunTime:0.038420s ]
INFO: [ view_filter ] --START--
INFO: ContentReplace Behavior ::run [ RunTime:0.000642s ]
INFO: TokenBuild Behavior ::run [ RunTime:0.000571s ]
INFO: WriteHtmlCache Behavior ::run [ RunTime:0.000506s ]
INFO: ShowRuntime Behavior ::run [ RunTime:0.003186s ]
INFO: [ view_filter ] --END-- [ RunTime:0.005245s ]
INFO: [ view_end ] --START--
INFO: ShowPageTrace Behavior ::run [ RunTime:0.000951s ]
INFO: [ view_end ] --END-- [ RunTime:0.001104s ]

[ 2015-06-22T04:25:02+08:00 ] 127.0.0.1 /ThinkPHP3.1.3_full/hunlian_back/index.php
INFO: [ app_begin ] --START--
INFO: ReadHtmlCache Behavior ::run [ RunTime:0.001580s ]
INFO: [ app_begin ] --END-- [ RunTime:0.001796s ]
SQL: SHOW COLUMNS FROM `hunlian_form` [ RunTime:0.006474s ]
ERR: 1146:Table 'hunlian.hunlian_form' doesn't exist
 [ SQL语句 ] : SHOW COLUMNS FROM `hunlian_form`
SQL: SELECT * FROM `hunlian_form` ORDER BY id desc LIMIT 3   [ RunTime:0.011182s ]
ERR: 1146:Table 'hunlian.hunlian_form' doesn't exist
 [ SQL语句 ] : SELECT * FROM `hunlian_form` ORDER BY id desc LIMIT 3  
INFO: [ view_parse ] --START--
INFO: ParseTemplate Behavior ::run [ RunTime:0.291121s ]
INFO: [ view_parse ] --END-- [ RunTime:0.291308s ]
INFO: [ view_filter ] --START--
INFO: ContentReplace Behavior ::run [ RunTime:0.005117s ]
INFO: TokenBuild Behavior ::run [ RunTime:0.002252s ]
INFO: WriteHtmlCache Behavior ::run [ RunTime:0.014387s ]
INFO: ShowRuntime Behavior ::run [ RunTime:0.002506s ]
INFO: [ view_filter ] --END-- [ RunTime:0.024701s ]
INFO: [ view_end ] --START--
INFO: ShowPageTrace Behavior ::run [ RunTime:0.027295s ]
INFO: [ view_end ] --END-- [ RunTime:0.027451s ]

[ 2015-06-22T04:26:59+08:00 ] 127.0.0.1 /ThinkPHP3.1.3_full/hunlian_back/index.php
INFO: [ app_begin ] --START--
INFO: ReadHtmlCache Behavior ::run [ RunTime:0.001752s ]
INFO: [ app_begin ] --END-- [ RunTime:0.002227s ]
SQL: SHOW COLUMNS FROM `hunlian_form` [ RunTime:0.006534s ]
ERR: 1146:Table 'hunlian.hunlian_form' doesn't exist
 [ SQL语句 ] : SHOW COLUMNS FROM `hunlian_form`
SQL: SELECT * FROM `hunlian_form` ORDER BY id desc LIMIT 3   [ RunTime:0.007204s ]
ERR: 1146:Table 'hunlian.hunlian_form' doesn't exist
 [ SQL语句 ] : SELECT * FROM `hunlian_form` ORDER BY id desc LIMIT 3  
INFO: [ view_parse ] --START--
INFO: ParseTemplate Behavior ::run [ RunTime:0.045433s ]
INFO: [ view_parse ] --END-- [ RunTime:0.045613s ]
INFO: [ view_filter ] --START--
INFO: ContentReplace Behavior ::run [ RunTime:0.003815s ]
INFO: TokenBuild Behavior ::run [ RunTime:0.000763s ]
INFO: WriteHtmlCache Behavior ::run [ RunTime:0.000490s ]
INFO: ShowRuntime Behavior ::run [ RunTime:0.002012s ]
INFO: [ view_filter ] --END-- [ RunTime:0.007601s ]
INFO: [ view_end ] --START--
INFO: ShowPageTrace Behavior ::run [ RunTime:0.001221s ]
INFO: [ view_end ] --END-- [ RunTime:0.001432s ]

[ 2015-06-22T04:27:37+08:00 ] 127.0.0.1 /ThinkPHP3.1.3_full/hunlian_back/index.php
INFO: [ app_begin ] --START--
INFO: ReadHtmlCache Behavior ::run [ RunTime:0.003366s ]
INFO: [ app_begin ] --END-- [ RunTime:0.003557s ]
SQL: SHOW COLUMNS FROM `hunlian_form` [ RunTime:0.008756s ]
ERR: 1146:Table 'hunlian.hunlian_form' doesn't exist
 [ SQL语句 ] : SHOW COLUMNS FROM `hunlian_form`
SQL: SELECT * FROM `hunlian_form` ORDER BY id desc LIMIT 3   [ RunTime:0.006997s ]
ERR: 1146:Table 'hunlian.hunlian_form' doesn't exist
 [ SQL语句 ] : SELECT * FROM `hunlian_form` ORDER BY id desc LIMIT 3  
INFO: [ view_parse ] --START--
INFO: ParseTemplate Behavior ::run [ RunTime:0.065838s ]
INFO: [ view_parse ] --END-- [ RunTime:0.066003s ]
INFO: [ view_filter ] --START--
INFO: ContentReplace Behavior ::run [ RunTime:0.005271s ]
INFO: TokenBuild Behavior ::run [ RunTime:0.002162s ]
INFO: WriteHtmlCache Behavior ::run [ RunTime:0.001874s ]
INFO: ShowRuntime Behavior ::run [ RunTime:0.018636s ]
INFO: [ view_filter ] --END-- [ RunTime:0.028312s ]
INFO: [ view_end ] --START--
INFO: ShowPageTrace Behavior ::run [ RunTime:0.022693s ]
INFO: [ view_end ] --END-- [ RunTime:0.022837s ]

[ 2015-06-22T04:27:39+08:00 ] 127.0.0.1 /ThinkPHP3.1.3_full/hunlian_back/index.php
INFO: [ app_begin ] --START--
INFO: ReadHtmlCache Behavior ::run [ RunTime:0.001423s ]
INFO: [ app_begin ] --END-- [ RunTime:0.001606s ]
SQL: SHOW COLUMNS FROM `hunlian_form` [ RunTime:0.008636s ]
ERR: 1146:Table 'hunlian.hunlian_form' doesn't exist
 [ SQL语句 ] : SHOW COLUMNS FROM `hunlian_form`
SQL: SELECT * FROM `hunlian_form` ORDER BY id desc LIMIT 3   [ RunTime:0.002828s ]
ERR: 1146:Table 'hunlian.hunlian_form' doesn't exist
 [ SQL语句 ] : SELECT * FROM `hunlian_form` ORDER BY id desc LIMIT 3  
INFO: [ view_parse ] --START--
INFO: ParseTemplate Behavior ::run [ RunTime:0.035723s ]
INFO: [ view_parse ] --END-- [ RunTime:0.035873s ]
INFO: [ view_filter ] --START--
INFO: ContentReplace Behavior ::run [ RunTime:0.000758s ]
INFO: TokenBuild Behavior ::run [ RunTime:0.000616s ]
INFO: WriteHtmlCache Behavior ::run [ RunTime:0.000393s ]
INFO: ShowRuntime Behavior ::run [ RunTime:0.000785s ]
INFO: [ view_filter ] --END-- [ RunTime:0.002881s ]
INFO: [ view_end ] --START--
INFO: ShowPageTrace Behavior ::run [ RunTime:0.001180s ]
INFO: [ view_end ] --END-- [ RunTime:0.001318s ]

[ 2015-06-22T04:28:53+08:00 ] 127.0.0.1 /ThinkPHP3.1.3_full/hunlian_back/index.php
INFO: [ app_begin ] --START--
INFO: ReadHtmlCache Behavior ::run [ RunTime:0.009528s ]
INFO: [ app_begin ] --END-- [ RunTime:0.009727s ]
SQL: SHOW COLUMNS FROM `hunlian_form` [ RunTime:0.009604s ]
ERR: 1146:Table 'hunlian.hunlian_form' doesn't exist
 [ SQL语句 ] : SHOW COLUMNS FROM `hunlian_form`
SQL: SELECT * FROM `hunlian_form` ORDER BY id desc LIMIT 3   [ RunTime:0.007032s ]
ERR: 1146:Table 'hunlian.hunlian_form' doesn't exist
 [ SQL语句 ] : SELECT * FROM `hunlian_form` ORDER BY id desc LIMIT 3  
INFO: [ view_parse ] --START--
INFO: ParseTemplate Behavior ::run [ RunTime:0.055490s ]
INFO: [ view_parse ] --END-- [ RunTime:0.055712s ]
INFO: [ view_filter ] --START--
INFO: ContentReplace Behavior ::run [ RunTime:0.002102s ]
INFO: TokenBuild Behavior ::run [ RunTime:0.002303s ]
INFO: WriteHtmlCache Behavior ::run [ RunTime:0.004959s ]
INFO: ShowRuntime Behavior ::run [ RunTime:0.005135s ]
INFO: [ view_filter ] --END-- [ RunTime:0.014895s ]
INFO: [ view_end ] --START--
INFO: ShowPageTrace Behavior ::run [ RunTime:0.005225s ]
INFO: [ view_end ] --END-- [ RunTime:0.005368s ]

[ 2015-06-22T04:30:46+08:00 ] 127.0.0.1 /ThinkPHP3.1.3_full/hunlian_back/index.php
INFO: [ app_begin ] --START--
INFO: ReadHtmlCache Behavior ::run [ RunTime:0.003922s ]
INFO: [ app_begin ] --END-- [ RunTime:0.004087s ]
SQL: SHOW COLUMNS FROM `hunlian_form` [ RunTime:0.006806s ]
ERR: 1146:Table 'hunlian.hunlian_form' doesn't exist
 [ SQL语句 ] : SHOW COLUMNS FROM `hunlian_form`
SQL: SELECT * FROM `hunlian_form` ORDER BY id desc LIMIT 3   [ RunTime:0.010245s ]
ERR: 1146:Table 'hunlian.hunlian_form' doesn't exist
 [ SQL语句 ] : SELECT * FROM `hunlian_form` ORDER BY id desc LIMIT 3  
INFO: [ view_parse ] --START--
INFO: ParseTemplate Behavior ::run [ RunTime:0.078939s ]
INFO: [ view_parse ] --END-- [ RunTime:0.079137s ]
INFO: [ view_filter ] --START--
INFO: ContentReplace Behavior ::run [ RunTime:0.005083s ]
INFO: TokenBuild Behavior ::run [ RunTime:0.003633s ]
INFO: WriteHtmlCache Behavior ::run [ RunTime:0.003469s ]
INFO: ShowRuntime Behavior ::run [ RunTime:0.004658s ]
INFO: [ view_filter ] --END-- [ RunTime:0.017295s ]
INFO: [ view_end ] --START--
INFO: ShowPageTrace Behavior ::run [ RunTime:0.065925s ]
INFO: [ view_end ] --END-- [ RunTime:0.066161s ]

[ 2015-06-22T04:32:03+08:00 ] 127.0.0.1 /ThinkPHP3.1.3_full/hunlian_back/index.php
INFO: [ app_begin ] --START--
INFO: ReadHtmlCache Behavior ::run [ RunTime:0.044829s ]
INFO: [ app_begin ] --END-- [ RunTime:0.044993s ]
SQL: SHOW COLUMNS FROM `hunlian_form` [ RunTime:0.007802s ]
ERR: 1146:Table 'hunlian.hunlian_form' doesn't exist
 [ SQL语句 ] : SHOW COLUMNS FROM `hunlian_form`
SQL: SELECT * FROM `hunlian_form` ORDER BY id desc LIMIT 3   [ RunTime:0.003521s ]
ERR: 1146:Table 'hunlian.hunlian_form' doesn't exist
 [ SQL语句 ] : SELECT * FROM `hunlian_form` ORDER BY id desc LIMIT 3  
INFO: [ view_parse ] --START--
INFO: ParseTemplate Behavior ::run [ RunTime:0.043897s ]
INFO: [ view_parse ] --END-- [ RunTime:0.044056s ]
INFO: [ view_filter ] --START--
INFO: ContentReplace Behavior ::run [ RunTime:0.002310s ]
INFO: TokenBuild Behavior ::run [ RunTime:0.015059s ]
INFO: WriteHtmlCache Behavior ::run [ RunTime:0.010971s ]
INFO: ShowRuntime Behavior ::run [ RunTime:0.017040s ]
INFO: [ view_filter ] --END-- [ RunTime:0.045756s ]
INFO: [ view_end ] --START--
INFO: ShowPageTrace Behavior ::run [ RunTime:0.039037s ]
INFO: [ view_end ] --END-- [ RunTime:0.039201s ]

[ 2015-06-22T04:32:09+08:00 ] 127.0.0.1 /ThinkPHP3.1.3_full/hunlian_back/index.php
INFO: [ app_begin ] --START--
INFO: ReadHtmlCache Behavior ::run [ RunTime:0.000890s ]
INFO: [ app_begin ] --END-- [ RunTime:0.001032s ]
SQL: SHOW COLUMNS FROM `hunlian_form` [ RunTime:0.003254s ]
ERR: 1146:Table 'hunlian.hunlian_form' doesn't exist
 [ SQL语句 ] : SHOW COLUMNS FROM `hunlian_form`
SQL: SELECT * FROM `hunlian_form` ORDER BY id desc LIMIT 3   [ RunTime:0.009507s ]
ERR: 1146:Table 'hunlian.hunlian_form' doesn't exist
 [ SQL语句 ] : SELECT * FROM `hunlian_form` ORDER BY id desc LIMIT 3  
INFO: [ view_parse ] --START--
INFO: ParseTemplate Behavior ::run [ RunTime:0.036666s ]
INFO: [ view_parse ] --END-- [ RunTime:0.036817s ]
INFO: [ view_filter ] --START--
INFO: ContentReplace Behavior ::run [ RunTime:0.000671s ]
INFO: TokenBuild Behavior ::run [ RunTime:0.000597s ]
INFO: WriteHtmlCache Behavior ::run [ RunTime:0.000462s ]
INFO: ShowRuntime Behavior ::run [ RunTime:0.001792s ]
INFO: [ view_filter ] --END-- [ RunTime:0.004260s ]
INFO: [ view_end ] --START--
INFO: ShowPageTrace Behavior ::run [ RunTime:0.018171s ]
INFO: [ view_end ] --END-- [ RunTime:0.018368s ]

[ 2015-06-22T04:32:59+08:00 ] 127.0.0.1 /ThinkPHP3.1.3_full/hunlian_back/index.php
INFO: [ app_begin ] --START--
INFO: ReadHtmlCache Behavior ::run [ RunTime:0.002066s ]
INFO: [ app_begin ] --END-- [ RunTime:0.002314s ]
SQL: SHOW COLUMNS FROM `hunlian_form` [ RunTime:0.003717s ]
ERR: 1146:Table 'hunlian.hunlian_form' doesn't exist
 [ SQL语句 ] : SHOW COLUMNS FROM `hunlian_form`
SQL: SELECT * FROM `hunlian_form` ORDER BY id desc LIMIT 3   [ RunTime:0.011454s ]
ERR: 1146:Table 'hunlian.hunlian_form' doesn't exist
 [ SQL语句 ] : SELECT * FROM `hunlian_form` ORDER BY id desc LIMIT 3  
INFO: [ view_parse ] --START--
INFO: ParseTemplate Behavior ::run [ RunTime:0.077610s ]
INFO: [ view_parse ] --END-- [ RunTime:0.077807s ]
INFO: [ view_filter ] --START--
INFO: ContentReplace Behavior ::run [ RunTime:0.003162s ]
INFO: TokenBuild Behavior ::run [ RunTime:0.024814s ]
INFO: WriteHtmlCache Behavior ::run [ RunTime:0.004727s ]
INFO: ShowRuntime Behavior ::run [ RunTime:0.005565s ]
INFO: [ view_filter ] --END-- [ RunTime:0.038700s ]
INFO: [ view_end ] --START--
INFO: ShowPageTrace Behavior ::run [ RunTime:0.005631s ]
INFO: [ view_end ] --END-- [ RunTime:0.005825s ]

[ 2015-06-22T04:34:17+08:00 ] 127.0.0.1 /ThinkPHP3.1.3_full/hunlian_back/index.php
INFO: [ app_begin ] --START--
INFO: ReadHtmlCache Behavior ::run [ RunTime:0.004913s ]
INFO: [ app_begin ] --END-- [ RunTime:0.005109s ]
SQL: SHOW COLUMNS FROM `hunlian_form` [ RunTime:0.003043s ]
ERR: 1146:Table 'hunlian.hunlian_form' doesn't exist
 [ SQL语句 ] : SHOW COLUMNS FROM `hunlian_form`
SQL: SELECT * FROM `hunlian_form` ORDER BY id desc LIMIT 3   [ RunTime:0.003707s ]
ERR: 1146:Table 'hunlian.hunlian_form' doesn't exist
 [ SQL语句 ] : SELECT * FROM `hunlian_form` ORDER BY id desc LIMIT 3  
INFO: [ view_parse ] --START--
INFO: ParseTemplate Behavior ::run [ RunTime:0.046923s ]
INFO: [ view_parse ] --END-- [ RunTime:0.047093s ]
INFO: [ view_filter ] --START--
INFO: ContentReplace Behavior ::run [ RunTime:0.001897s ]
INFO: TokenBuild Behavior ::run [ RunTime:0.002986s ]
INFO: WriteHtmlCache Behavior ::run [ RunTime:0.001318s ]
INFO: ShowRuntime Behavior ::run [ RunTime:0.002276s ]
INFO: [ view_filter ] --END-- [ RunTime:0.009897s ]
INFO: [ view_end ] --START--
INFO: ShowPageTrace Behavior ::run [ RunTime:0.069570s ]
INFO: [ view_end ] --END-- [ RunTime:0.069733s ]

[ 2015-06-22T04:36:03+08:00 ] 127.0.0.1 /ThinkPHP3.1.3_full/hunlian_back/index.php
INFO: [ app_begin ] --START--
INFO: ReadHtmlCache Behavior ::run [ RunTime:0.002219s ]
INFO: [ app_begin ] --END-- [ RunTime:0.002387s ]
SQL: SHOW COLUMNS FROM `hunlian_form` [ RunTime:0.006146s ]
ERR: 1146:Table 'hunlian.hunlian_form' doesn't exist
 [ SQL语句 ] : SHOW COLUMNS FROM `hunlian_form`
SQL: SELECT * FROM `hunlian_form` ORDER BY id desc LIMIT 3   [ RunTime:0.006615s ]
ERR: 1146:Table 'hunlian.hunlian_form' doesn't exist
 [ SQL语句 ] : SELECT * FROM `hunlian_form` ORDER BY id desc LIMIT 3  
INFO: [ view_parse ] --START--
INFO: ParseTemplate Behavior ::run [ RunTime:0.052028s ]
INFO: [ view_parse ] --END-- [ RunTime:0.052197s ]
INFO: [ view_filter ] --START--
INFO: ContentReplace Behavior ::run [ RunTime:0.009291s ]
INFO: TokenBuild Behavior ::run [ RunTime:0.002348s ]
INFO: WriteHtmlCache Behavior ::run [ RunTime:0.002343s ]
INFO: ShowRuntime Behavior ::run [ RunTime:0.007793s ]
INFO: [ view_filter ] --END-- [ RunTime:0.022171s ]
INFO: [ view_end ] --START--
INFO: ShowPageTrace Behavior ::run [ RunTime:0.065174s ]
INFO: [ view_end ] --END-- [ RunTime:0.065337s ]

[ 2015-06-22T04:37:29+08:00 ] 127.0.0.1 /ThinkPHP3.1.3_full/hunlian_back/index.php
INFO: [ app_begin ] --START--
INFO: ReadHtmlCache Behavior ::run [ RunTime:0.001952s ]
INFO: [ app_begin ] --END-- [ RunTime:0.002105s ]
SQL: SHOW COLUMNS FROM `hunlian_form` [ RunTime:0.011549s ]
ERR: 1146:Table 'hunlian.hunlian_form' doesn't exist
 [ SQL语句 ] : SHOW COLUMNS FROM `hunlian_form`
SQL: SELECT * FROM `hunlian_form` ORDER BY id desc LIMIT 3   [ RunTime:0.003653s ]
ERR: 1146:Table 'hunlian.hunlian_form' doesn't exist
 [ SQL语句 ] : SELECT * FROM `hunlian_form` ORDER BY id desc LIMIT 3  
INFO: [ view_parse ] --START--
INFO: ParseTemplate Behavior ::run [ RunTime:0.131185s ]
INFO: [ view_parse ] --END-- [ RunTime:0.131701s ]
INFO: [ view_filter ] --START--
INFO: ContentReplace Behavior ::run [ RunTime:0.011347s ]
INFO: TokenBuild Behavior ::run [ RunTime:0.011494s ]
INFO: WriteHtmlCache Behavior ::run [ RunTime:0.005236s ]
INFO: ShowRuntime Behavior ::run [ RunTime:0.002870s ]
INFO: [ view_filter ] --END-- [ RunTime:0.031362s ]
INFO: [ view_end ] --START--
INFO: ShowPageTrace Behavior ::run [ RunTime:0.010896s ]
INFO: [ view_end ] --END-- [ RunTime:0.011040s ]

[ 2015-06-22T04:37:52+08:00 ] 127.0.0.1 /ThinkPHP3.1.3_full/hunlian_back/index.php
INFO: [ app_begin ] --START--
INFO: ReadHtmlCache Behavior ::run [ RunTime:0.000871s ]
INFO: [ app_begin ] --END-- [ RunTime:0.001017s ]
SQL: SHOW COLUMNS FROM `hunlian_form` [ RunTime:0.004157s ]
ERR: 1146:Table 'hunlian.hunlian_form' doesn't exist
 [ SQL语句 ] : SHOW COLUMNS FROM `hunlian_form`
SQL: SELECT * FROM `hunlian_form` ORDER BY id desc LIMIT 3   [ RunTime:0.007045s ]
ERR: 1146:Table 'hunlian.hunlian_form' doesn't exist
 [ SQL语句 ] : SELECT * FROM `hunlian_form` ORDER BY id desc LIMIT 3  
INFO: [ view_parse ] --START--
INFO: ParseTemplate Behavior ::run [ RunTime:0.047971s ]
INFO: [ view_parse ] --END-- [ RunTime:0.048132s ]
INFO: [ view_filter ] --START--
INFO: ContentReplace Behavior ::run [ RunTime:0.000931s ]
INFO: TokenBuild Behavior ::run [ RunTime:0.000623s ]
INFO: WriteHtmlCache Behavior ::run [ RunTime:0.000390s ]
INFO: ShowRuntime Behavior ::run [ RunTime:0.000794s ]
INFO: [ view_filter ] --END-- [ RunTime:0.003071s ]
INFO: [ view_end ] --START--
INFO: ShowPageTrace Behavior ::run [ RunTime:0.000958s ]
INFO: [ view_end ] --END-- [ RunTime:0.001146s ]

[ 2015-06-22T04:38:27+08:00 ] 127.0.0.1 /ThinkPHP3.1.3_full/hunlian_back/index.php
INFO: [ app_begin ] --START--
INFO: ReadHtmlCache Behavior ::run [ RunTime:0.000851s ]
INFO: [ app_begin ] --END-- [ RunTime:0.000993s ]
SQL: SHOW COLUMNS FROM `hunlian_form` [ RunTime:0.004144s ]
ERR: 1146:Table 'hunlian.hunlian_form' doesn't exist
 [ SQL语句 ] : SHOW COLUMNS FROM `hunlian_form`
SQL: SELECT * FROM `hunlian_form` ORDER BY id desc LIMIT 3   [ RunTime:0.002699s ]
ERR: 1146:Table 'hunlian.hunlian_form' doesn't exist
 [ SQL语句 ] : SELECT * FROM `hunlian_form` ORDER BY id desc LIMIT 3  
INFO: [ view_parse ] --START--
INFO: ParseTemplate Behavior ::run [ RunTime:0.041114s ]
INFO: [ view_parse ] --END-- [ RunTime:0.041291s ]
INFO: [ view_filter ] --START--
INFO: ContentReplace Behavior ::run [ RunTime:0.001616s ]
INFO: TokenBuild Behavior ::run [ RunTime:0.000697s ]
INFO: WriteHtmlCache Behavior ::run [ RunTime:0.003484s ]
INFO: ShowRuntime Behavior ::run [ RunTime:0.000772s ]
INFO: [ view_filter ] --END-- [ RunTime:0.006949s ]
INFO: [ view_end ] --START--
INFO: ShowPageTrace Behavior ::run [ RunTime:0.000913s ]
INFO: [ view_end ] --END-- [ RunTime:0.001076s ]

[ 2015-06-22T04:38:45+08:00 ] 127.0.0.1 /ThinkPHP3.1.3_full/hunlian_back/index.php
INFO: [ app_begin ] --START--
INFO: ReadHtmlCache Behavior ::run [ RunTime:0.006788s ]
INFO: [ app_begin ] --END-- [ RunTime:0.006962s ]
SQL: SHOW COLUMNS FROM `hunlian_form` [ RunTime:0.002950s ]
ERR: 1146:Table 'hunlian.hunlian_form' doesn't exist
 [ SQL语句 ] : SHOW COLUMNS FROM `hunlian_form`
SQL: SELECT * FROM `hunlian_form` ORDER BY id desc LIMIT 3   [ RunTime:0.003619s ]
ERR: 1146:Table 'hunlian.hunlian_form' doesn't exist
 [ SQL语句 ] : SELECT * FROM `hunlian_form` ORDER BY id desc LIMIT 3  
INFO: [ view_parse ] --START--
INFO: ParseTemplate Behavior ::run [ RunTime:0.041227s ]
INFO: [ view_parse ] --END-- [ RunTime:0.041419s ]
INFO: [ view_filter ] --START--
INFO: ContentReplace Behavior ::run [ RunTime:0.004811s ]
INFO: TokenBuild Behavior ::run [ RunTime:0.004169s ]
INFO: WriteHtmlCache Behavior ::run [ RunTime:0.002289s ]
INFO: ShowRuntime Behavior ::run [ RunTime:0.002314s ]
INFO: [ view_filter ] --END-- [ RunTime:0.013956s ]
INFO: [ view_end ] --START--
INFO: ShowPageTrace Behavior ::run [ RunTime:0.004322s ]
INFO: [ view_end ] --END-- [ RunTime:0.004479s ]

[ 2015-06-22T04:38:52+08:00 ] 127.0.0.1 /ThinkPHP3.1.3_full/hunlian_back/index.php
INFO: [ app_begin ] --START--
INFO: ReadHtmlCache Behavior ::run [ RunTime:0.000812s ]
INFO: [ app_begin ] --END-- [ RunTime:0.000980s ]
SQL: SHOW COLUMNS FROM `hunlian_form` [ RunTime:0.003380s ]
ERR: 1146:Table 'hunlian.hunlian_form' doesn't exist
 [ SQL语句 ] : SHOW COLUMNS FROM `hunlian_form`
SQL: SELECT * FROM `hunlian_form` ORDER BY id desc LIMIT 3   [ RunTime:0.003914s ]
ERR: 1146:Table 'hunlian.hunlian_form' doesn't exist
 [ SQL语句 ] : SELECT * FROM `hunlian_form` ORDER BY id desc LIMIT 3  
INFO: [ view_parse ] --START--
INFO: ParseTemplate Behavior ::run [ RunTime:0.032922s ]
INFO: [ view_parse ] --END-- [ RunTime:0.033072s ]
INFO: [ view_filter ] --START--
INFO: ContentReplace Behavior ::run [ RunTime:0.002566s ]
INFO: TokenBuild Behavior ::run [ RunTime:0.001149s ]
INFO: WriteHtmlCache Behavior ::run [ RunTime:0.000460s ]
INFO: ShowRuntime Behavior ::run [ RunTime:0.000691s ]
INFO: [ view_filter ] --END-- [ RunTime:0.005251s ]
INFO: [ view_end ] --START--
INFO: ShowPageTrace Behavior ::run [ RunTime:0.000906s ]
INFO: [ view_end ] --END-- [ RunTime:0.001046s ]

[ 2015-06-22T04:39:09+08:00 ] 127.0.0.1 /ThinkPHP3.1.3_full/hunlian_back/index.php
INFO: [ app_begin ] --START--
INFO: ReadHtmlCache Behavior ::run [ RunTime:0.000809s ]
INFO: [ app_begin ] --END-- [ RunTime:0.000977s ]
SQL: SHOW COLUMNS FROM `hunlian_form` [ RunTime:0.005615s ]
ERR: 1146:Table 'hunlian.hunlian_form' doesn't exist
 [ SQL语句 ] : SHOW COLUMNS FROM `hunlian_form`
SQL: SELECT * FROM `hunlian_form` ORDER BY id desc LIMIT 3   [ RunTime:0.003164s ]
ERR: 1146:Table 'hunlian.hunlian_form' doesn't exist
 [ SQL语句 ] : SELECT * FROM `hunlian_form` ORDER BY id desc LIMIT 3  
INFO: [ view_parse ] --START--
INFO: ParseTemplate Behavior ::run [ RunTime:0.041612s ]
INFO: [ view_parse ] --END-- [ RunTime:0.041785s ]
INFO: [ view_filter ] --START--
INFO: ContentReplace Behavior ::run [ RunTime:0.000766s ]
INFO: TokenBuild Behavior ::run [ RunTime:0.000664s ]
INFO: WriteHtmlCache Behavior ::run [ RunTime:0.000404s ]
INFO: ShowRuntime Behavior ::run [ RunTime:0.000990s ]
INFO: [ view_filter ] --END-- [ RunTime:0.003184s ]
INFO: [ view_end ] --START--
INFO: ShowPageTrace Behavior ::run [ RunTime:0.000923s ]
INFO: [ view_end ] --END-- [ RunTime:0.001079s ]

[ 2015-06-22T04:39:27+08:00 ] 127.0.0.1 /ThinkPHP3.1.3_full/hunlian_back/index.php
INFO: [ app_begin ] --START--
INFO: ReadHtmlCache Behavior ::run [ RunTime:0.001488s ]
INFO: [ app_begin ] --END-- [ RunTime:0.001695s ]
SQL: SHOW COLUMNS FROM `hunlian_form` [ RunTime:0.003490s ]
ERR: 1146:Table 'hunlian.hunlian_form' doesn't exist
 [ SQL语句 ] : SHOW COLUMNS FROM `hunlian_form`
SQL: SELECT * FROM `hunlian_form` ORDER BY id desc LIMIT 3   [ RunTime:0.006572s ]
ERR: 1146:Table 'hunlian.hunlian_form' doesn't exist
 [ SQL语句 ] : SELECT * FROM `hunlian_form` ORDER BY id desc LIMIT 3  
INFO: [ view_parse ] --START--
INFO: ParseTemplate Behavior ::run [ RunTime:0.030470s ]
INFO: [ view_parse ] --END-- [ RunTime:0.030619s ]
INFO: [ view_filter ] --START--
INFO: ContentReplace Behavior ::run [ RunTime:0.000725s ]
INFO: TokenBuild Behavior ::run [ RunTime:0.002166s ]
INFO: WriteHtmlCache Behavior ::run [ RunTime:0.000438s ]
INFO: ShowRuntime Behavior ::run [ RunTime:0.001560s ]
INFO: [ view_filter ] --END-- [ RunTime:0.005251s ]
INFO: [ view_end ] --START--
INFO: ShowPageTrace Behavior ::run [ RunTime:0.000908s ]
INFO: [ view_end ] --END-- [ RunTime:0.001206s ]

[ 2015-06-22T04:39:49+08:00 ] 127.0.0.1 /ThinkPHP3.1.3_full/hunlian_back/index.php
INFO: [ app_begin ] --START--
INFO: ReadHtmlCache Behavior ::run [ RunTime:0.001141s ]
INFO: [ app_begin ] --END-- [ RunTime:0.001295s ]
SQL: SHOW COLUMNS FROM `hunlian_form` [ RunTime:0.004682s ]
ERR: 1146:Table 'hunlian.hunlian_form' doesn't exist
 [ SQL语句 ] : SHOW COLUMNS FROM `hunlian_form`
SQL: SELECT * FROM `hunlian_form` ORDER BY id desc LIMIT 3   [ RunTime:0.002854s ]
ERR: 1146:Table 'hunlian.hunlian_form' doesn't exist
 [ SQL语句 ] : SELECT * FROM `hunlian_form` ORDER BY id desc LIMIT 3  
INFO: [ view_parse ] --START--
INFO: ParseTemplate Behavior ::run [ RunTime:0.030404s ]
INFO: [ view_parse ] --END-- [ RunTime:0.030552s ]
INFO: [ view_filter ] --START--
INFO: ContentReplace Behavior ::run [ RunTime:0.001231s ]
INFO: TokenBuild Behavior ::run [ RunTime:0.000623s ]
INFO: WriteHtmlCache Behavior ::run [ RunTime:0.001204s ]
INFO: ShowRuntime Behavior ::run [ RunTime:0.000735s ]
INFO: [ view_filter ] --END-- [ RunTime:0.004214s ]
INFO: [ view_end ] --START--
INFO: ShowPageTrace Behavior ::run [ RunTime:0.000963s ]
INFO: [ view_end ] --END-- [ RunTime:0.001126s ]

[ 2015-06-22T04:40:08+08:00 ] 127.0.0.1 /ThinkPHP3.1.3_full/hunlian_back/index.php
INFO: [ app_begin ] --START--
INFO: ReadHtmlCache Behavior ::run [ RunTime:0.007933s ]
INFO: [ app_begin ] --END-- [ RunTime:0.008134s ]
SQL: SHOW COLUMNS FROM `hunlian_form` [ RunTime:0.010777s ]
ERR: 1146:Table 'hunlian.hunlian_form' doesn't exist
 [ SQL语句 ] : SHOW COLUMNS FROM `hunlian_form`
SQL: SELECT * FROM `hunlian_form` ORDER BY id desc LIMIT 3   [ RunTime:0.006503s ]
ERR: 1146:Table 'hunlian.hunlian_form' doesn't exist
 [ SQL语句 ] : SELECT * FROM `hunlian_form` ORDER BY id desc LIMIT 3  
INFO: [ view_parse ] --START--
INFO: ParseTemplate Behavior ::run [ RunTime:0.094216s ]
INFO: [ view_parse ] --END-- [ RunTime:0.094384s ]
INFO: [ view_filter ] --START--
INFO: ContentReplace Behavior ::run [ RunTime:0.001360s ]
INFO: TokenBuild Behavior ::run [ RunTime:0.003965s ]
INFO: WriteHtmlCache Behavior ::run [ RunTime:0.005918s ]
INFO: ShowRuntime Behavior ::run [ RunTime:0.001772s ]
INFO: [ view_filter ] --END-- [ RunTime:0.013397s ]
INFO: [ view_end ] --START--
INFO: ShowPageTrace Behavior ::run [ RunTime:0.003775s ]
INFO: [ view_end ] --END-- [ RunTime:0.003970s ]

[ 2015-06-22T04:40:14+08:00 ] 127.0.0.1 /ThinkPHP3.1.3_full/hunlian_back/index.php
INFO: [ app_begin ] --START--
INFO: ReadHtmlCache Behavior ::run [ RunTime:0.000862s ]
INFO: [ app_begin ] --END-- [ RunTime:0.001004s ]
SQL: SHOW COLUMNS FROM `hunlian_form` [ RunTime:0.004827s ]
ERR: 1146:Table 'hunlian.hunlian_form' doesn't exist
 [ SQL语句 ] : SHOW COLUMNS FROM `hunlian_form`
SQL: SELECT * FROM `hunlian_form` ORDER BY id desc LIMIT 3   [ RunTime:0.009542s ]
ERR: 1146:Table 'hunlian.hunlian_form' doesn't exist
 [ SQL语句 ] : SELECT * FROM `hunlian_form` ORDER BY id desc LIMIT 3  
INFO: [ view_parse ] --START--
INFO: ParseTemplate Behavior ::run [ RunTime:0.040114s ]
INFO: [ view_parse ] --END-- [ RunTime:0.040265s ]
INFO: [ view_filter ] --START--
INFO: ContentReplace Behavior ::run [ RunTime:0.000934s ]
INFO: TokenBuild Behavior ::run [ RunTime:0.000667s ]
INFO: WriteHtmlCache Behavior ::run [ RunTime:0.000452s ]
INFO: ShowRuntime Behavior ::run [ RunTime:0.001215s ]
INFO: [ view_filter ] --END-- [ RunTime:0.003857s ]
INFO: [ view_end ] --START--
INFO: ShowPageTrace Behavior ::run [ RunTime:0.001156s ]
INFO: [ view_end ] --END-- [ RunTime:0.001298s ]

[ 2015-06-22T16:06:48+08:00 ] 127.0.0.1 /ThinkPHP3.1.3_full/hunlian_back/
INFO: [ app_begin ] --START--
INFO: ReadHtmlCache Behavior ::run [ RunTime:0.002747s ]
INFO: [ app_begin ] --END-- [ RunTime:0.003008s ]
SQL: SHOW COLUMNS FROM `hunlian_form` [ RunTime:0.438394s ]
ERR: 1146:Table 'hunlian.hunlian_form' doesn't exist
 [ SQL语句 ] : SHOW COLUMNS FROM `hunlian_form`
SQL: SELECT * FROM `hunlian_form` ORDER BY id desc LIMIT 3   [ RunTime:0.006576s ]
ERR: 1146:Table 'hunlian.hunlian_form' doesn't exist
 [ SQL语句 ] : SELECT * FROM `hunlian_form` ORDER BY id desc LIMIT 3  
INFO: [ view_parse ] --START--
INFO: ParseTemplate Behavior ::run [ RunTime:0.197582s ]
INFO: [ view_parse ] --END-- [ RunTime:0.197777s ]
INFO: [ view_filter ] --START--
INFO: ContentReplace Behavior ::run [ RunTime:0.036143s ]
INFO: TokenBuild Behavior ::run [ RunTime:0.048025s ]
INFO: WriteHtmlCache Behavior ::run [ RunTime:0.032366s ]
INFO: ShowRuntime Behavior ::run [ RunTime:0.005589s ]
INFO: [ view_filter ] --END-- [ RunTime:0.122508s ]
INFO: [ view_end ] --START--
INFO: ShowPageTrace Behavior ::run [ RunTime:0.167703s ]
INFO: [ view_end ] --END-- [ RunTime:0.167850s ]

[ 2015-06-22T17:16:22+08:00 ] 127.0.0.1 /ThinkPHP3.1.3_full/hunlian_back/
INFO: [ app_begin ] --START--
INFO: ReadHtmlCache Behavior ::run [ RunTime:0.001308s ]
INFO: [ app_begin ] --END-- [ RunTime:0.001465s ]
SQL: SHOW COLUMNS FROM `hunlian_form` [ RunTime:0.003996s ]
ERR: 1146:Table 'hunlian.hunlian_form' doesn't exist
 [ SQL语句 ] : SHOW COLUMNS FROM `hunlian_form`
SQL: SELECT * FROM `hunlian_form` ORDER BY id desc LIMIT 3   [ RunTime:0.004570s ]
ERR: 1146:Table 'hunlian.hunlian_form' doesn't exist
 [ SQL语句 ] : SELECT * FROM `hunlian_form` ORDER BY id desc LIMIT 3  
INFO: [ view_parse ] --START--
INFO: ParseTemplate Behavior ::run [ RunTime:0.069752s ]
INFO: [ view_parse ] --END-- [ RunTime:0.069919s ]
INFO: [ view_filter ] --START--
INFO: ContentReplace Behavior ::run [ RunTime:0.001419s ]
INFO: TokenBuild Behavior ::run [ RunTime:0.003700s ]
INFO: WriteHtmlCache Behavior ::run [ RunTime:0.003246s ]
INFO: ShowRuntime Behavior ::run [ RunTime:0.007140s ]
INFO: [ view_filter ] --END-- [ RunTime:0.019246s ]
INFO: [ view_end ] --START--
INFO: ShowPageTrace Behavior ::run [ RunTime:0.133269s ]
INFO: [ view_end ] --END-- [ RunTime:0.133442s ]

[ 2015-06-22T17:19:12+08:00 ] 127.0.0.1 /ThinkPHP3.1.3_full/hunlian_back/
INFO: [ app_begin ] --START--
INFO: ReadHtmlCache Behavior ::run [ RunTime:0.010853s ]
INFO: [ app_begin ] --END-- [ RunTime:0.011020s ]
SQL: SHOW COLUMNS FROM `hunlian_form` [ RunTime:0.005602s ]
ERR: 1146:Table 'hunlian.hunlian_form' doesn't exist
 [ SQL语句 ] : SHOW COLUMNS FROM `hunlian_form`
SQL: SELECT * FROM `hunlian_form` ORDER BY id desc LIMIT 3   [ RunTime:0.007607s ]
ERR: 1146:Table 'hunlian.hunlian_form' doesn't exist
 [ SQL语句 ] : SELECT * FROM `hunlian_form` ORDER BY id desc LIMIT 3  
INFO: [ view_parse ] --START--
INFO: ParseTemplate Behavior ::run [ RunTime:0.086066s ]
INFO: [ view_parse ] --END-- [ RunTime:0.086236s ]
INFO: [ view_filter ] --START--
INFO: ContentReplace Behavior ::run [ RunTime:0.005079s ]
INFO: TokenBuild Behavior ::run [ RunTime:0.003952s ]
INFO: WriteHtmlCache Behavior ::run [ RunTime:0.004267s ]
INFO: ShowRuntime Behavior ::run [ RunTime:0.007793s ]
INFO: [ view_filter ] --END-- [ RunTime:0.021533s ]
INFO: [ view_end ] --START--
INFO: ShowPageTrace Behavior ::run [ RunTime:0.006726s ]
INFO: [ view_end ] --END-- [ RunTime:0.006885s ]

[ 2015-06-22T17:19:27+08:00 ] 127.0.0.1 /ThinkPHP3.1.3_full/hunlian_back/
INFO: [ app_begin ] --START--
INFO: ReadHtmlCache Behavior ::run [ RunTime:0.000827s ]
INFO: [ app_begin ] --END-- [ RunTime:0.000984s ]
SQL: SHOW COLUMNS FROM `hunlian_form` [ RunTime:0.005976s ]
ERR: 1146:Table 'hunlian.hunlian_form' doesn't exist
 [ SQL语句 ] : SHOW COLUMNS FROM `hunlian_form`
SQL: SELECT * FROM `hunlian_form` ORDER BY id desc LIMIT 3   [ RunTime:0.012330s ]
ERR: 1146:Table 'hunlian.hunlian_form' doesn't exist
 [ SQL语句 ] : SELECT * FROM `hunlian_form` ORDER BY id desc LIMIT 3  
INFO: [ view_parse ] --START--
INFO: ParseTemplate Behavior ::run [ RunTime:0.087965s ]
INFO: [ view_parse ] --END-- [ RunTime:0.088136s ]
INFO: [ view_filter ] --START--
INFO: ContentReplace Behavior ::run [ RunTime:0.000816s ]
INFO: TokenBuild Behavior ::run [ RunTime:0.001898s ]
INFO: WriteHtmlCache Behavior ::run [ RunTime:0.010316s ]
INFO: ShowRuntime Behavior ::run [ RunTime:0.019285s ]
INFO: [ view_filter ] --END-- [ RunTime:0.032706s ]
INFO: [ view_end ] --START--
INFO: ShowPageTrace Behavior ::run [ RunTime:0.000968s ]
INFO: [ view_end ] --END-- [ RunTime:0.001186s ]

[ 2015-06-22T17:20:30+08:00 ] 127.0.0.1 /ThinkPHP3.1.3_full/hunlian_back/
INFO: [ app_begin ] --START--
INFO: ReadHtmlCache Behavior ::run [ RunTime:0.003293s ]
INFO: [ app_begin ] --END-- [ RunTime:0.003462s ]
SQL: SHOW COLUMNS FROM `hunlian_form` [ RunTime:0.007719s ]
ERR: 1146:Table 'hunlian.hunlian_form' doesn't exist
 [ SQL语句 ] : SHOW COLUMNS FROM `hunlian_form`
SQL: SELECT * FROM `hunlian_form` ORDER BY id desc LIMIT 3   [ RunTime:0.007349s ]
ERR: 1146:Table 'hunlian.hunlian_form' doesn't exist
 [ SQL语句 ] : SELECT * FROM `hunlian_form` ORDER BY id desc LIMIT 3  
INFO: [ view_parse ] --START--
INFO: ParseTemplate Behavior ::run [ RunTime:0.084190s ]
INFO: [ view_parse ] --END-- [ RunTime:0.084366s ]
INFO: [ view_filter ] --START--
INFO: ContentReplace Behavior ::run [ RunTime:0.003490s ]
INFO: TokenBuild Behavior ::run [ RunTime:0.004134s ]
INFO: WriteHtmlCache Behavior ::run [ RunTime:0.009398s ]
INFO: ShowRuntime Behavior ::run [ RunTime:0.009022s ]
INFO: [ view_filter ] --END-- [ RunTime:0.026427s ]
INFO: [ view_end ] --START--
INFO: ShowPageTrace Behavior ::run [ RunTime:0.006905s ]
INFO: [ view_end ] --END-- [ RunTime:0.007075s ]

[ 2015-06-22T17:22:00+08:00 ] 127.0.0.1 /ThinkPHP3.1.3_full/hunlian_back/
INFO: [ app_begin ] --START--
INFO: ReadHtmlCache Behavior ::run [ RunTime:0.002502s ]
INFO: [ app_begin ] --END-- [ RunTime:0.002664s ]
SQL: SHOW COLUMNS FROM `hunlian_form` [ RunTime:0.006923s ]
ERR: 1146:Table 'hunlian.hunlian_form' doesn't exist
 [ SQL语句 ] : SHOW COLUMNS FROM `hunlian_form`
SQL: SELECT * FROM `hunlian_form` ORDER BY id desc LIMIT 3   [ RunTime:0.003185s ]
ERR: 1146:Table 'hunlian.hunlian_form' doesn't exist
 [ SQL语句 ] : SELECT * FROM `hunlian_form` ORDER BY id desc LIMIT 3  
INFO: [ view_parse ] --START--
INFO: ParseTemplate Behavior ::run [ RunTime:0.090121s ]
INFO: [ view_parse ] --END-- [ RunTime:0.090331s ]
INFO: [ view_filter ] --START--
INFO: ContentReplace Behavior ::run [ RunTime:0.005548s ]
INFO: TokenBuild Behavior ::run [ RunTime:0.003768s ]
INFO: WriteHtmlCache Behavior ::run [ RunTime:0.005209s ]
INFO: ShowRuntime Behavior ::run [ RunTime:0.006498s ]
INFO: [ view_filter ] --END-- [ RunTime:0.021405s ]
INFO: [ view_end ] --START--
INFO: ShowPageTrace Behavior ::run [ RunTime:0.010441s ]
INFO: [ view_end ] --END-- [ RunTime:0.010589s ]

[ 2015-06-22T17:23:05+08:00 ] 127.0.0.1 /ThinkPHP3.1.3_full/hunlian_back/
INFO: [ app_begin ] --START--
INFO: ReadHtmlCache Behavior ::run [ RunTime:0.005209s ]
INFO: [ app_begin ] --END-- [ RunTime:0.005372s ]
SQL: SHOW COLUMNS FROM `hunlian_form` [ RunTime:0.003986s ]
ERR: 1146:Table 'hunlian.hunlian_form' doesn't exist
 [ SQL语句 ] : SHOW COLUMNS FROM `hunlian_form`
SQL: SELECT * FROM `hunlian_form` ORDER BY id desc LIMIT 3   [ RunTime:0.004613s ]
ERR: 1146:Table 'hunlian.hunlian_form' doesn't exist
 [ SQL语句 ] : SELECT * FROM `hunlian_form` ORDER BY id desc LIMIT 3  
INFO: [ view_parse ] --START--
INFO: ParseTemplate Behavior ::run [ RunTime:0.077915s ]
INFO: [ view_parse ] --END-- [ RunTime:0.078076s ]
INFO: [ view_filter ] --START--
INFO: ContentReplace Behavior ::run [ RunTime:0.003385s ]
INFO: TokenBuild Behavior ::run [ RunTime:0.004608s ]
INFO: WriteHtmlCache Behavior ::run [ RunTime:0.011318s ]
INFO: ShowRuntime Behavior ::run [ RunTime:0.005119s ]
INFO: [ view_filter ] --END-- [ RunTime:0.024831s ]
INFO: [ view_end ] --START--
INFO: ShowPageTrace Behavior ::run [ RunTime:0.004550s ]
INFO: [ view_end ] --END-- [ RunTime:0.004693s ]

[ 2015-06-22T17:23:16+08:00 ] 127.0.0.1 /ThinkPHP3.1.3_full/hunlian_back/
INFO: [ app_begin ] --START--
INFO: ReadHtmlCache Behavior ::run [ RunTime:0.004503s ]
INFO: [ app_begin ] --END-- [ RunTime:0.004674s ]
SQL: SHOW COLUMNS FROM `hunlian_form` [ RunTime:0.004310s ]
ERR: 1146:Table 'hunlian.hunlian_form' doesn't exist
 [ SQL语句 ] : SHOW COLUMNS FROM `hunlian_form`
SQL: SELECT * FROM `hunlian_form` ORDER BY id desc LIMIT 3   [ RunTime:0.006935s ]
ERR: 1146:Table 'hunlian.hunlian_form' doesn't exist
 [ SQL语句 ] : SELECT * FROM `hunlian_form` ORDER BY id desc LIMIT 3  
INFO: [ view_parse ] --START--
INFO: ParseTemplate Behavior ::run [ RunTime:0.093594s ]
INFO: [ view_parse ] --END-- [ RunTime:0.093780s ]
INFO: [ view_filter ] --START--
INFO: ContentReplace Behavior ::run [ RunTime:0.004476s ]
INFO: TokenBuild Behavior ::run [ RunTime:0.004961s ]
INFO: WriteHtmlCache Behavior ::run [ RunTime:0.016030s ]
INFO: ShowRuntime Behavior ::run [ RunTime:0.019404s ]
INFO: [ view_filter ] --END-- [ RunTime:0.045255s ]
INFO: [ view_end ] --START--
INFO: ShowPageTrace Behavior ::run [ RunTime:0.010322s ]
INFO: [ view_end ] --END-- [ RunTime:0.010483s ]

[ 2015-06-22T17:27:38+08:00 ] 127.0.0.1 /ThinkPHP3.1.3_full/hunlian_back/
INFO: [ app_begin ] --START--
INFO: ReadHtmlCache Behavior ::run [ RunTime:0.002195s ]
INFO: [ app_begin ] --END-- [ RunTime:0.002357s ]
INFO: [ view_parse ] --START--
INFO: ParseTemplate Behavior ::run [ RunTime:0.081765s ]
INFO: [ view_parse ] --END-- [ RunTime:0.081938s ]
INFO: [ view_filter ] --START--
INFO: ContentReplace Behavior ::run [ RunTime:0.002314s ]
INFO: TokenBuild Behavior ::run [ RunTime:0.004712s ]
INFO: WriteHtmlCache Behavior ::run [ RunTime:0.005528s ]
INFO: ShowRuntime Behavior ::run [ RunTime:0.006465s ]
INFO: [ view_filter ] --END-- [ RunTime:0.019397s ]
INFO: [ view_end ] --START--
INFO: ShowPageTrace Behavior ::run [ RunTime:0.008023s ]
INFO: [ view_end ] --END-- [ RunTime:0.008189s ]

[ 2015-06-22T17:28:16+08:00 ] 127.0.0.1 /ThinkPHP3.1.3_full/hunlian_back/
INFO: [ app_begin ] --START--
INFO: ReadHtmlCache Behavior ::run [ RunTime:0.007033s ]
INFO: [ app_begin ] --END-- [ RunTime:0.007198s ]

[ 2015-06-22T17:32:15+08:00 ] 127.0.0.1 /ThinkPHP3.1.3_full/hunlian_back/
INFO: [ app_begin ] --START--
INFO: ReadHtmlCache Behavior ::run [ RunTime:0.001995s ]
INFO: [ app_begin ] --END-- [ RunTime:0.002187s ]

[ 2015-06-22T17:32:33+08:00 ] 127.0.0.1 /ThinkPHP3.1.3_full/hunlian_back/
INFO: [ app_begin ] --START--
INFO: ReadHtmlCache Behavior ::run [ RunTime:0.003456s ]
INFO: [ app_begin ] --END-- [ RunTime:0.003623s ]

[ 2015-06-22T17:33:51+08:00 ] 127.0.0.1 /ThinkPHP3.1.3_full/hunlian_back/
INFO: [ app_begin ] --START--
INFO: ReadHtmlCache Behavior ::run [ RunTime:0.004378s ]
INFO: [ app_begin ] --END-- [ RunTime:0.004547s ]

[ 2015-06-22T17:34:21+08:00 ] 127.0.0.1 /ThinkPHP3.1.3_full/hunlian_back/
INFO: [ app_begin ] --START--
INFO: ReadHtmlCache Behavior ::run [ RunTime:0.005683s ]
INFO: [ app_begin ] --END-- [ RunTime:0.005853s ]

[ 2015-06-22T17:34:30+08:00 ] 127.0.0.1 /ThinkPHP3.1.3_full/hunlian_back/
INFO: [ app_begin ] --START--
INFO: ReadHtmlCache Behavior ::run [ RunTime:0.003724s ]
INFO: [ app_begin ] --END-- [ RunTime:0.003893s ]

[ 2015-06-22T17:35:03+08:00 ] 127.0.0.1 /ThinkPHP3.1.3_full/hunlian_back/
INFO: [ app_begin ] --START--
INFO: ReadHtmlCache Behavior ::run [ RunTime:0.000837s ]
INFO: [ app_begin ] --END-- [ RunTime:0.000996s ]

[ 2015-06-22T17:35:45+08:00 ] 127.0.0.1 /ThinkPHP3.1.3_full/hunlian_back/
INFO: [ app_begin ] --START--
INFO: ReadHtmlCache Behavior ::run [ RunTime:0.000835s ]
INFO: [ app_begin ] --END-- [ RunTime:0.000992s ]

[ 2015-06-22T17:37:12+08:00 ] 127.0.0.1 /ThinkPHP3.1.3_full/hunlian_back/
INFO: [ app_begin ] --START--
INFO: ReadHtmlCache Behavior ::run [ RunTime:0.002824s ]
INFO: [ app_begin ] --END-- [ RunTime:0.002995s ]

[ 2015-06-22T17:51:11+08:00 ] 127.0.0.1 /ThinkPHP3.1.3_full/hunlian_back/
INFO: [ app_begin ] --START--
INFO: ReadHtmlCache Behavior ::run [ RunTime:0.008553s ]
INFO: [ app_begin ] --END-- [ RunTime:0.008720s ]

[ 2015-06-22T17:51:48+08:00 ] 127.0.0.1 /ThinkPHP3.1.3_full/hunlian_back/
INFO: [ app_begin ] --START--
INFO: ReadHtmlCache Behavior ::run [ RunTime:0.001011s ]
INFO: [ app_begin ] --END-- [ RunTime:0.001211s ]

[ 2015-06-22T17:53:06+08:00 ] 127.0.0.1 /ThinkPHP3.1.3_full/hunlian_back/
INFO: [ app_begin ] --START--
INFO: ReadHtmlCache Behavior ::run [ RunTime:0.000000s ]
INFO: [ app_begin ] --END-- [ RunTime:0.000000s ]

[ 2015-06-22T17:53:29+08:00 ] 127.0.0.1 /ThinkPHP3.1.3_full/hunlian_back/
INFO: [ app_begin ] --START--
INFO: ReadHtmlCache Behavior ::run [ RunTime:0.008571s ]
INFO: [ app_begin ] --END-- [ RunTime:0.008738s ]

[ 2015-06-22T17:53:32+08:00 ] 127.0.0.1 /ThinkPHP3.1.3_full/hunlian_back/
INFO: [ app_begin ] --START--
INFO: ReadHtmlCache Behavior ::run [ RunTime:0.004736s ]
INFO: [ app_begin ] --END-- [ RunTime:0.004921s ]

[ 2015-06-22T17:53:48+08:00 ] 127.0.0.1 /ThinkPHP3.1.3_full/hunlian_back/
INFO: [ app_begin ] --START--
INFO: ReadHtmlCache Behavior ::run [ RunTime:0.000885s ]
INFO: [ app_begin ] --END-- [ RunTime:0.001044s ]

[ 2015-06-22T17:54:10+08:00 ] 127.0.0.1 /ThinkPHP3.1.3_full/hunlian_back/
INFO: [ app_begin ] --START--
INFO: ReadHtmlCache Behavior ::run [ RunTime:0.001581s ]
INFO: [ app_begin ] --END-- [ RunTime:0.001751s ]

[ 2015-06-22T17:54:50+08:00 ] 127.0.0.1 /ThinkPHP3.1.3_full/hunlian_back/
INFO: [ app_begin ] --START--
INFO: ReadHtmlCache Behavior ::run [ RunTime:0.001098s ]
INFO: [ app_begin ] --END-- [ RunTime:0.003217s ]

[ 2015-06-22T17:58:18+08:00 ] 127.0.0.1 /ThinkPHP3.1.3_full/hunlian_back/
INFO: [ app_begin ] --START--
INFO: ReadHtmlCache Behavior ::run [ RunTime:0.001984s ]
INFO: [ app_begin ] --END-- [ RunTime:0.002157s ]

[ 2015-06-22T17:59:47+08:00 ] 127.0.0.1 /ThinkPHP3.1.3_full/hunlian_back/
INFO: [ app_begin ] --START--
INFO: ReadHtmlCache Behavior ::run [ RunTime:0.005684s ]
INFO: [ app_begin ] --END-- [ RunTime:0.005855s ]

[ 2015-06-22T20:40:44+08:00 ] 127.0.0.1 /ThinkPHP3.1.3_full/hunlian_back/index.php?s=/Index
INFO: [ route_check ] --START--
INFO: CheckRoute Behavior ::run [ RunTime:0.007777s ]
INFO: [ route_check ] --END-- [ RunTime:0.007943s ]
INFO: [ app_begin ] --START--
INFO: ReadHtmlCache Behavior ::run [ RunTime:0.002052s ]
INFO: [ app_begin ] --END-- [ RunTime:0.002217s ]

[ 2015-06-22T20:42:32+08:00 ] 127.0.0.1 /ThinkPHP3.1.3_full/hunlian_back/index.php?s=/Public/menu
INFO: [ route_check ] --START--
INFO: CheckRoute Behavior ::run [ RunTime:0.004246s ]
INFO: [ route_check ] --END-- [ RunTime:0.004413s ]
INFO: [ app_begin ] --START--
INFO: ReadHtmlCache Behavior ::run [ RunTime:0.000904s ]
INFO: [ app_begin ] --END-- [ RunTime:0.001054s ]
INFO: [ view_parse ] --START--
INFO: ParseTemplate Behavior ::run [ RunTime:0.057194s ]
INFO: [ view_parse ] --END-- [ RunTime:0.057393s ]
INFO: [ view_filter ] --START--
INFO: ContentReplace Behavior ::run [ RunTime:0.003276s ]
INFO: TokenBuild Behavior ::run [ RunTime:0.000603s ]
INFO: WriteHtmlCache Behavior ::run [ RunTime:0.004086s ]
INFO: ShowRuntime Behavior ::run [ RunTime:0.002416s ]
INFO: [ view_filter ] --END-- [ RunTime:0.010759s ]
INFO: [ view_end ] --START--
INFO: ShowPageTrace Behavior ::run [ RunTime:0.000918s ]
INFO: [ view_end ] --END-- [ RunTime:0.001038s ]

[ 2015-06-22T20:42:45+08:00 ] 127.0.0.1 /ThinkPHP3.1.3_full/hunlian_back/index.php?s=/Public/login/
INFO: [ route_check ] --START--
INFO: CheckRoute Behavior ::run [ RunTime:0.001558s ]
INFO: [ route_check ] --END-- [ RunTime:0.001710s ]
INFO: [ app_begin ] --START--
INFO: ReadHtmlCache Behavior ::run [ RunTime:0.002684s ]
INFO: [ app_begin ] --END-- [ RunTime:0.002834s ]
ERR: 模板不存在[./Tpl/Public/login.html]

[ 2015-06-22T20:44:13+08:00 ] 127.0.0.1 /ThinkPHP3.1.3_full/hunlian_back/index.php?s=/Public/login/
INFO: [ route_check ] --START--
INFO: CheckRoute Behavior ::run [ RunTime:0.001882s ]
INFO: [ route_check ] --END-- [ RunTime:0.002045s ]
INFO: [ app_begin ] --START--
INFO: ReadHtmlCache Behavior ::run [ RunTime:0.001199s ]
INFO: [ app_begin ] --END-- [ RunTime:0.001329s ]
INFO: [ view_parse ] --START--
INFO: ParseTemplate Behavior ::run [ RunTime:0.110620s ]
INFO: [ view_parse ] --END-- [ RunTime:0.110825s ]
INFO: [ view_filter ] --START--
INFO: ContentReplace Behavior ::run [ RunTime:0.001046s ]
INFO: TokenBuild Behavior ::run [ RunTime:0.001014s ]
INFO: WriteHtmlCache Behavior ::run [ RunTime:0.001222s ]
INFO: ShowRuntime Behavior ::run [ RunTime:0.001509s ]
INFO: [ view_filter ] --END-- [ RunTime:0.005130s ]
INFO: [ view_end ] --START--
INFO: ShowPageTrace Behavior ::run [ RunTime:0.001341s ]
INFO: [ view_end ] --END-- [ RunTime:0.001462s ]

[ 2015-06-22T20:44:14+08:00 ] 127.0.0.1 /ThinkPHP3.1.3_full/hunlian_back/index.php?s=/Public/verify/
INFO: [ route_check ] --START--
INFO: CheckRoute Behavior ::run [ RunTime:0.001116s ]
INFO: [ route_check ] --END-- [ RunTime:0.001274s ]
INFO: [ app_begin ] --START--
INFO: ReadHtmlCache Behavior ::run [ RunTime:0.000991s ]
INFO: [ app_begin ] --END-- [ RunTime:0.001140s ]

[ 2015-06-22T20:44:36+08:00 ] 127.0.0.1 /ThinkPHP3.1.3_full/hunlian_back/index.php?s=/Public/login/
INFO: [ route_check ] --START--
INFO: CheckRoute Behavior ::run [ RunTime:0.001604s ]
INFO: [ route_check ] --END-- [ RunTime:0.001767s ]
INFO: [ app_begin ] --START--
INFO: ReadHtmlCache Behavior ::run [ RunTime:0.001323s ]
INFO: [ app_begin ] --END-- [ RunTime:0.001493s ]
INFO: [ view_parse ] --START--
INFO: ParseTemplate Behavior ::run [ RunTime:0.020452s ]
INFO: [ view_parse ] --END-- [ RunTime:0.020641s ]
INFO: [ view_filter ] --START--
INFO: ContentReplace Behavior ::run [ RunTime:0.001245s ]
INFO: TokenBuild Behavior ::run [ RunTime:0.001064s ]
INFO: WriteHtmlCache Behavior ::run [ RunTime:0.001355s ]
INFO: ShowRuntime Behavior ::run [ RunTime:0.001627s ]
INFO: [ view_filter ] --END-- [ RunTime:0.005660s ]
INFO: [ view_end ] --START--
INFO: ShowPageTrace Behavior ::run [ RunTime:0.001454s ]
INFO: [ view_end ] --END-- [ RunTime:0.001588s ]

[ 2015-06-22T20:45:14+08:00 ] 127.0.0.1 /ThinkPHP3.1.3_full/hunlian_back/index.php?s=/Public/login/
INFO: [ route_check ] --START--
INFO: CheckRoute Behavior ::run [ RunTime:0.003485s ]
INFO: [ route_check ] --END-- [ RunTime:0.003681s ]
INFO: [ app_begin ] --START--
INFO: ReadHtmlCache Behavior ::run [ RunTime:0.001962s ]
INFO: [ app_begin ] --END-- [ RunTime:0.002153s ]
INFO: [ view_parse ] --START--
INFO: ParseTemplate Behavior ::run [ RunTime:0.032048s ]
INFO: [ view_parse ] --END-- [ RunTime:0.032242s ]
INFO: [ view_filter ] --START--
INFO: ContentReplace Behavior ::run [ RunTime:0.002664s ]
INFO: TokenBuild Behavior ::run [ RunTime:0.001918s ]
INFO: WriteHtmlCache Behavior ::run [ RunTime:0.002562s ]
INFO: ShowRuntime Behavior ::run [ RunTime:0.002901s ]
INFO: [ view_filter ] --END-- [ RunTime:0.010425s ]
INFO: [ view_end ] --START--
INFO: ShowPageTrace Behavior ::run [ RunTime:0.007619s ]
INFO: [ view_end ] --END-- [ RunTime:0.007745s ]

[ 2015-06-22T20:45:43+08:00 ] 127.0.0.1 /ThinkPHP3.1.3_full/hunlian_back/index.php?s=/Public/login/
INFO: [ route_check ] --START--
INFO: CheckRoute Behavior ::run [ RunTime:0.004683s ]
INFO: [ route_check ] --END-- [ RunTime:0.004884s ]
INFO: [ app_begin ] --START--
INFO: ReadHtmlCache Behavior ::run [ RunTime:0.001051s ]
INFO: [ app_begin ] --END-- [ RunTime:0.001247s ]
INFO: [ view_parse ] --START--
INFO: ParseTemplate Behavior ::run [ RunTime:0.031051s ]
INFO: [ view_parse ] --END-- [ RunTime:0.031275s ]
INFO: [ view_filter ] --START--
INFO: ContentReplace Behavior ::run [ RunTime:0.006282s ]
INFO: TokenBuild Behavior ::run [ RunTime:0.000746s ]
INFO: WriteHtmlCache Behavior ::run [ RunTime:0.004742s ]
INFO: ShowRuntime Behavior ::run [ RunTime:0.006518s ]
INFO: [ view_filter ] --END-- [ RunTime:0.018759s ]
INFO: [ view_end ] --START--
INFO: ShowPageTrace Behavior ::run [ RunTime:0.001158s ]
INFO: [ view_end ] --END-- [ RunTime:0.001311s ]

[ 2015-06-22T20:46:48+08:00 ] 127.0.0.1 /ThinkPHP3.1.3_full/hunlian_back/index.php?s=/Public/login/
INFO: [ route_check ] --START--
INFO: CheckRoute Behavior ::run [ RunTime:0.001130s ]
INFO: [ route_check ] --END-- [ RunTime:0.001290s ]
INFO: [ app_begin ] --START--
INFO: ReadHtmlCache Behavior ::run [ RunTime:0.000823s ]
INFO: [ app_begin ] --END-- [ RunTime:0.001002s ]
INFO: [ view_parse ] --START--
INFO: ParseTemplate Behavior ::run [ RunTime:0.030298s ]
INFO: [ view_parse ] --END-- [ RunTime:0.030488s ]
INFO: [ view_filter ] --START--
INFO: ContentReplace Behavior ::run [ RunTime:0.001003s ]
INFO: TokenBuild Behavior ::run [ RunTime:0.000592s ]
INFO: WriteHtmlCache Behavior ::run [ RunTime:0.001068s ]
INFO: ShowRuntime Behavior ::run [ RunTime:0.002549s ]
INFO: [ view_filter ] --END-- [ RunTime:0.005608s ]
INFO: [ view_end ] --START--
INFO: ShowPageTrace Behavior ::run [ RunTime:0.000952s ]
INFO: [ view_end ] --END-- [ RunTime:0.001072s ]

[ 2015-06-22T20:46:53+08:00 ] 127.0.0.1 /ThinkPHP3.1.3_full/hunlian_back/index.php?s=/Public/login/
INFO: [ route_check ] --START--
INFO: CheckRoute Behavior ::run [ RunTime:0.004859s ]
INFO: [ route_check ] --END-- [ RunTime:0.005062s ]
INFO: [ app_begin ] --START--
INFO: ReadHtmlCache Behavior ::run [ RunTime:0.001828s ]
INFO: [ app_begin ] --END-- [ RunTime:0.003029s ]
INFO: [ view_parse ] --START--
INFO: ParseTemplate Behavior ::run [ RunTime:0.032875s ]
INFO: [ view_parse ] --END-- [ RunTime:0.033150s ]
INFO: [ view_filter ] --START--
INFO: ContentReplace Behavior ::run [ RunTime:0.001292s ]
INFO: TokenBuild Behavior ::run [ RunTime:0.001495s ]
INFO: WriteHtmlCache Behavior ::run [ RunTime:0.001758s ]
INFO: ShowRuntime Behavior ::run [ RunTime:0.001973s ]
INFO: [ view_filter ] --END-- [ RunTime:0.006956s ]
INFO: [ view_end ] --START--
INFO: ShowPageTrace Behavior ::run [ RunTime:0.005039s ]
INFO: [ view_end ] --END-- [ RunTime:0.005193s ]

[ 2015-06-22T20:46:55+08:00 ] 127.0.0.1 /ThinkPHP3.1.3_full/hunlian_back/index.php?s=/Public/login/
INFO: [ route_check ] --START--
INFO: CheckRoute Behavior ::run [ RunTime:0.001564s ]
INFO: [ route_check ] --END-- [ RunTime:0.001731s ]
INFO: [ app_begin ] --START--
INFO: ReadHtmlCache Behavior ::run [ RunTime:0.001395s ]
INFO: [ app_begin ] --END-- [ RunTime:0.001576s ]
INFO: [ view_parse ] --START--
INFO: ParseTemplate Behavior ::run [ RunTime:0.017612s ]
INFO: [ view_parse ] --END-- [ RunTime:0.017811s ]
INFO: [ view_filter ] --START--
INFO: ContentReplace Behavior ::run [ RunTime:0.002589s ]
INFO: TokenBuild Behavior ::run [ RunTime:0.001048s ]
INFO: WriteHtmlCache Behavior ::run [ RunTime:0.001298s ]
INFO: ShowRuntime Behavior ::run [ RunTime:0.003992s ]
INFO: [ view_filter ] --END-- [ RunTime:0.009305s ]
INFO: [ view_end ] --START--
INFO: ShowPageTrace Behavior ::run [ RunTime:0.001400s ]
INFO: [ view_end ] --END-- [ RunTime:0.001629s ]

[ 2015-06-22T20:46:56+08:00 ] 127.0.0.1 /ThinkPHP3.1.3_full/hunlian_back/index.php?s=/Public/login/
INFO: [ route_check ] --START--
INFO: CheckRoute Behavior ::run [ RunTime:0.001189s ]
INFO: [ route_check ] --END-- [ RunTime:0.001365s ]
INFO: [ app_begin ] --START--
INFO: ReadHtmlCache Behavior ::run [ RunTime:0.000798s ]
INFO: [ app_begin ] --END-- [ RunTime:0.000933s ]
INFO: [ view_parse ] --START--
INFO: ParseTemplate Behavior ::run [ RunTime:0.021907s ]
INFO: [ view_parse ] --END-- [ RunTime:0.022129s ]
INFO: [ view_filter ] --START--
INFO: ContentReplace Behavior ::run [ RunTime:0.000702s ]
INFO: TokenBuild Behavior ::run [ RunTime:0.000615s ]
INFO: WriteHtmlCache Behavior ::run [ RunTime:0.001299s ]
INFO: ShowRuntime Behavior ::run [ RunTime:0.001910s ]
INFO: [ view_filter ] --END-- [ RunTime:0.004889s ]
INFO: [ view_end ] --START--
INFO: ShowPageTrace Behavior ::run [ RunTime:0.000974s ]
INFO: [ view_end ] --END-- [ RunTime:0.001093s ]

[ 2015-06-22T20:47:01+08:00 ] 127.0.0.1 /ThinkPHP3.1.3_full/hunlian_back/index.php?s=/Public/login/
INFO: [ route_check ] --START--
INFO: CheckRoute Behavior ::run [ RunTime:0.006192s ]
INFO: [ route_check ] --END-- [ RunTime:0.006386s ]
INFO: [ app_begin ] --START--
INFO: ReadHtmlCache Behavior ::run [ RunTime:0.001530s ]
INFO: [ app_begin ] --END-- [ RunTime:0.001691s ]
INFO: [ view_parse ] --START--
INFO: ParseTemplate Behavior ::run [ RunTime:0.039369s ]
INFO: [ view_parse ] --END-- [ RunTime:0.039597s ]
INFO: [ view_filter ] --START--
INFO: ContentReplace Behavior ::run [ RunTime:0.001263s ]
INFO: TokenBuild Behavior ::run [ RunTime:0.005707s ]
INFO: WriteHtmlCache Behavior ::run [ RunTime:0.001567s ]
INFO: ShowRuntime Behavior ::run [ RunTime:0.002788s ]
INFO: [ view_filter ] --END-- [ RunTime:0.013471s ]
INFO: [ view_end ] --START--
INFO: ShowPageTrace Behavior ::run [ RunTime:0.002010s ]
INFO: [ view_end ] --END-- [ RunTime:0.002171s ]

[ 2015-06-22T20:49:02+08:00 ] 127.0.0.1 /ThinkPHP3.1.3_full/hunlian_back/index.php?s=/Public/login/
INFO: [ route_check ] --START--
INFO: CheckRoute Behavior ::run [ RunTime:0.005434s ]
INFO: [ route_check ] --END-- [ RunTime:0.005641s ]
INFO: [ app_begin ] --START--
INFO: ReadHtmlCache Behavior ::run [ RunTime:0.001557s ]
INFO: [ app_begin ] --END-- [ RunTime:0.001716s ]
INFO: [ view_parse ] --START--
INFO: ParseTemplate Behavior ::run [ RunTime:0.058291s ]
INFO: [ view_parse ] --END-- [ RunTime:0.058498s ]
INFO: [ view_filter ] --START--
INFO: ContentReplace Behavior ::run [ RunTime:0.001259s ]
INFO: TokenBuild Behavior ::run [ RunTime:0.001116s ]
INFO: WriteHtmlCache Behavior ::run [ RunTime:0.001259s ]
INFO: ShowRuntime Behavior ::run [ RunTime:0.004496s ]
INFO: [ view_filter ] --END-- [ RunTime:0.008499s ]
INFO: [ view_end ] --START--
INFO: ShowPageTrace Behavior ::run [ RunTime:0.001427s ]
INFO: [ view_end ] --END-- [ RunTime:0.001550s ]

[ 2015-06-22T20:49:04+08:00 ] 127.0.0.1 /ThinkPHP3.1.3_full/hunlian_back/index.php?s=/Public/login/
INFO: [ route_check ] --START--
INFO: CheckRoute Behavior ::run [ RunTime:0.001180s ]
INFO: [ route_check ] --END-- [ RunTime:0.001375s ]
INFO: [ app_begin ] --START--
INFO: ReadHtmlCache Behavior ::run [ RunTime:0.000816s ]
INFO: [ app_begin ] --END-- [ RunTime:0.000952s ]
INFO: [ view_parse ] --START--
INFO: ParseTemplate Behavior ::run [ RunTime:0.026355s ]
INFO: [ view_parse ] --END-- [ RunTime:0.026548s ]
INFO: [ view_filter ] --START--
INFO: ContentReplace Behavior ::run [ RunTime:0.000581s ]
INFO: TokenBuild Behavior ::run [ RunTime:0.002187s ]
INFO: WriteHtmlCache Behavior ::run [ RunTime:0.001356s ]
INFO: ShowRuntime Behavior ::run [ RunTime:0.001388s ]
INFO: [ view_filter ] --END-- [ RunTime:0.005873s ]
INFO: [ view_end ] --START--
INFO: ShowPageTrace Behavior ::run [ RunTime:0.005666s ]
INFO: [ view_end ] --END-- [ RunTime:0.005792s ]

[ 2015-06-22T20:49:10+08:00 ] 127.0.0.1 /ThinkPHP3.1.3_full/hunlian_back/index.php?s=/Public/login/
INFO: [ route_check ] --START--
INFO: CheckRoute Behavior ::run [ RunTime:0.009406s ]
INFO: [ route_check ] --END-- [ RunTime:0.009609s ]
INFO: [ app_begin ] --START--
INFO: ReadHtmlCache Behavior ::run [ RunTime:0.001067s ]
INFO: [ app_begin ] --END-- [ RunTime:0.001236s ]
INFO: [ view_parse ] --START--
INFO: ParseTemplate Behavior ::run [ RunTime:0.259158s ]
INFO: [ view_parse ] --END-- [ RunTime:0.259260s ]
INFO: [ view_filter ] --START--
INFO: ContentReplace Behavior ::run [ RunTime:0.000000s ]
INFO: TokenBuild Behavior ::run [ RunTime:0.000000s ]
INFO: WriteHtmlCache Behavior ::run [ RunTime:0.078125s ]
INFO: ShowRuntime Behavior ::run [ RunTime:0.000000s ]
INFO: [ view_filter ] --END-- [ RunTime:0.078125s ]
INFO: [ view_end ] --START--
INFO: ShowPageTrace Behavior ::run [ RunTime:0.015625s ]
INFO: [ view_end ] --END-- [ RunTime:0.015625s ]

[ 2015-06-22T20:49:12+08:00 ] 127.0.0.1 /ThinkPHP3.1.3_full/hunlian_back/index.php?s=/Public/login/
INFO: [ route_check ] --START--
INFO: CheckRoute Behavior ::run [ RunTime:0.001423s ]
INFO: [ route_check ] --END-- [ RunTime:0.001610s ]
INFO: [ app_begin ] --START--
INFO: ReadHtmlCache Behavior ::run [ RunTime:0.005301s ]
INFO: [ app_begin ] --END-- [ RunTime:0.005470s ]
INFO: [ view_parse ] --START--
INFO: ParseTemplate Behavior ::run [ RunTime:0.028769s ]
INFO: [ view_parse ] --END-- [ RunTime:0.029000s ]
INFO: [ view_filter ] --START--
INFO: ContentReplace Behavior ::run [ RunTime:0.000691s ]
INFO: TokenBuild Behavior ::run [ RunTime:0.000691s ]
INFO: WriteHtmlCache Behavior ::run [ RunTime:0.001376s ]
INFO: ShowRuntime Behavior ::run [ RunTime:0.001713s ]
INFO: [ view_filter ] --END-- [ RunTime:0.004882s ]
INFO: [ view_end ] --START--
INFO: ShowPageTrace Behavior ::run [ RunTime:0.010636s ]
INFO: [ view_end ] --END-- [ RunTime:0.010791s ]

[ 2015-06-22T20:51:54+08:00 ] 127.0.0.1 /ThinkPHP3.1.3_full/hunlian_back/index.php?s=/Public/login/
INFO: [ route_check ] --START--
INFO: CheckRoute Behavior ::run [ RunTime:0.001648s ]
INFO: [ route_check ] --END-- [ RunTime:0.001813s ]
INFO: [ app_begin ] --START--
INFO: ReadHtmlCache Behavior ::run [ RunTime:0.001342s ]
INFO: [ app_begin ] --END-- [ RunTime:0.001541s ]
INFO: [ view_parse ] --START--
INFO: ParseTemplate Behavior ::run [ RunTime:0.029249s ]
INFO: [ view_parse ] --END-- [ RunTime:0.029483s ]
INFO: [ view_filter ] --START--
INFO: ContentReplace Behavior ::run [ RunTime:0.001261s ]
INFO: TokenBuild Behavior ::run [ RunTime:0.001072s ]
INFO: WriteHtmlCache Behavior ::run [ RunTime:0.006729s ]
INFO: ShowRuntime Behavior ::run [ RunTime:0.001932s ]
INFO: [ view_filter ] --END-- [ RunTime:0.012461s ]
INFO: [ view_end ] --START--
INFO: ShowPageTrace Behavior ::run [ RunTime:0.001478s ]
INFO: [ view_end ] --END-- [ RunTime:0.001604s ]

[ 2015-06-22T20:53:07+08:00 ] 127.0.0.1 /ThinkPHP3.1.3_full/hunlian_back/index.php?s=/Public/login/
INFO: [ route_check ] --START--
INFO: CheckRoute Behavior ::run [ RunTime:0.001785s ]
INFO: [ route_check ] --END-- [ RunTime:0.001965s ]
INFO: [ app_begin ] --START--
INFO: ReadHtmlCache Behavior ::run [ RunTime:0.001257s ]
INFO: [ app_begin ] --END-- [ RunTime:0.001430s ]
INFO: [ view_parse ] --START--
INFO: ParseTemplate Behavior ::run [ RunTime:0.070949s ]
INFO: [ view_parse ] --END-- [ RunTime:0.071148s ]
INFO: [ view_filter ] --START--
INFO: ContentReplace Behavior ::run [ RunTime:0.001219s ]
INFO: TokenBuild Behavior ::run [ RunTime:0.001055s ]
INFO: WriteHtmlCache Behavior ::run [ RunTime:0.001308s ]
INFO: ShowRuntime Behavior ::run [ RunTime:0.005616s ]
INFO: [ view_filter ] --END-- [ RunTime:0.009569s ]
INFO: [ view_end ] --START--
INFO: ShowPageTrace Behavior ::run [ RunTime:0.001765s ]
INFO: [ view_end ] --END-- [ RunTime:0.001888s ]

[ 2015-06-22T20:54:18+08:00 ] 127.0.0.1 /ThinkPHP3.1.3_full/hunlian_back/index.php?s=/Public/login/
INFO: [ route_check ] --START--
INFO: CheckRoute Behavior ::run [ RunTime:0.002200s ]
INFO: [ route_check ] --END-- [ RunTime:0.002401s ]
INFO: [ app_begin ] --START--
INFO: ReadHtmlCache Behavior ::run [ RunTime:0.001611s ]
INFO: [ app_begin ] --END-- [ RunTime:0.001787s ]
INFO: [ view_parse ] --START--
INFO: ParseTemplate Behavior ::run [ RunTime:0.064050s ]
INFO: [ view_parse ] --END-- [ RunTime:0.064277s ]
INFO: [ view_filter ] --START--
INFO: ContentReplace Behavior ::run [ RunTime:0.004432s ]
INFO: TokenBuild Behavior ::run [ RunTime:0.002177s ]
INFO: WriteHtmlCache Behavior ::run [ RunTime:0.002138s ]
INFO: ShowRuntime Behavior ::run [ RunTime:0.010489s ]
INFO: [ view_filter ] --END-- [ RunTime:0.019738s ]
INFO: [ view_end ] --START--
INFO: ShowPageTrace Behavior ::run [ RunTime:0.014499s ]
INFO: [ view_end ] --END-- [ RunTime:0.014694s ]

[ 2015-06-22T20:56:07+08:00 ] 127.0.0.1 /ThinkPHP3.1.3_full/hunlian_back/index.php?s=/Public/login/
INFO: [ route_check ] --START--
INFO: CheckRoute Behavior ::run [ RunTime:0.005828s ]
INFO: [ route_check ] --END-- [ RunTime:0.006031s ]
INFO: [ app_begin ] --START--
INFO: ReadHtmlCache Behavior ::run [ RunTime:0.010346s ]
INFO: [ app_begin ] --END-- [ RunTime:0.010530s ]
INFO: [ view_parse ] --START--
INFO: ParseTemplate Behavior ::run [ RunTime:0.048717s ]
INFO: [ view_parse ] --END-- [ RunTime:0.048948s ]
INFO: [ view_filter ] --START--
INFO: ContentReplace Behavior ::run [ RunTime:0.002462s ]
INFO: TokenBuild Behavior ::run [ RunTime:0.006700s ]
INFO: WriteHtmlCache Behavior ::run [ RunTime:0.007589s ]
INFO: ShowRuntime Behavior ::run [ RunTime:0.022123s ]
INFO: [ view_filter ] --END-- [ RunTime:0.039333s ]
INFO: [ view_end ] --START--
INFO: ShowPageTrace Behavior ::run [ RunTime:0.003329s ]
INFO: [ view_end ] --END-- [ RunTime:0.003480s ]

[ 2015-06-22T20:59:06+08:00 ] 127.0.0.1 /ThinkPHP3.1.3_full/hunlian_back/index.php?s=/Public/login/
INFO: [ route_check ] --START--
INFO: CheckRoute Behavior ::run [ RunTime:0.001624s ]
INFO: [ route_check ] --END-- [ RunTime:0.001785s ]
INFO: [ app_begin ] --START--
INFO: ReadHtmlCache Behavior ::run [ RunTime:0.002697s ]
INFO: [ app_begin ] --END-- [ RunTime:0.002836s ]
INFO: [ view_parse ] --START--
INFO: ParseTemplate Behavior ::run [ RunTime:0.021630s ]
INFO: [ view_parse ] --END-- [ RunTime:0.021821s ]
INFO: [ view_filter ] --START--
INFO: ContentReplace Behavior ::run [ RunTime:0.001226s ]
INFO: TokenBuild Behavior ::run [ RunTime:0.001073s ]
INFO: WriteHtmlCache Behavior ::run [ RunTime:0.001253s ]
INFO: ShowRuntime Behavior ::run [ RunTime:0.002128s ]
INFO: [ view_filter ] --END-- [ RunTime:0.008306s ]
INFO: [ view_end ] --START--
INFO: ShowPageTrace Behavior ::run [ RunTime:0.001755s ]
INFO: [ view_end ] --END-- [ RunTime:0.001882s ]

[ 2015-06-22T20:59:38+08:00 ] 127.0.0.1 /ThinkPHP3.1.3_full/hunlian_back/index.php?s=/Public/login/
INFO: [ route_check ] --START--
INFO: CheckRoute Behavior ::run [ RunTime:0.001635s ]
INFO: [ route_check ] --END-- [ RunTime:0.001799s ]
INFO: [ app_begin ] --START--
INFO: ReadHtmlCache Behavior ::run [ RunTime:0.001233s ]
INFO: [ app_begin ] --END-- [ RunTime:0.001368s ]
INFO: [ view_parse ] --START--
INFO: ParseTemplate Behavior ::run [ RunTime:0.022158s ]
INFO: [ view_parse ] --END-- [ RunTime:0.022366s ]
INFO: [ view_filter ] --START--
INFO: ContentReplace Behavior ::run [ RunTime:0.001044s ]
INFO: TokenBuild Behavior ::run [ RunTime:0.002101s ]
INFO: WriteHtmlCache Behavior ::run [ RunTime:0.001365s ]
INFO: ShowRuntime Behavior ::run [ RunTime:0.002792s ]
INFO: [ view_filter ] --END-- [ RunTime:0.007669s ]
INFO: [ view_end ] --START--
INFO: ShowPageTrace Behavior ::run [ RunTime:0.007857s ]
INFO: [ view_end ] --END-- [ RunTime:0.007988s ]

[ 2015-06-22T20:59:45+08:00 ] 127.0.0.1 /ThinkPHP3.1.3_full/hunlian_back/index.php?s=/Public/checkLogin
INFO: [ route_check ] --START--
INFO: CheckRoute Behavior ::run [ RunTime:0.010831s ]
INFO: [ route_check ] --END-- [ RunTime:0.011055s ]
INFO: [ app_begin ] --START--
INFO: ReadHtmlCache Behavior ::run [ RunTime:0.003818s ]
INFO: [ app_begin ] --END-- [ RunTime:0.007174s ]
INFO: [ view_parse ] --START--
INFO: ParseTemplate Behavior ::run [ RunTime:0.062281s ]
INFO: [ view_parse ] --END-- [ RunTime:0.062530s ]
INFO: [ view_filter ] --START--
INFO: ContentReplace Behavior ::run [ RunTime:0.002082s ]
INFO: TokenBuild Behavior ::run [ RunTime:0.003019s ]
INFO: WriteHtmlCache Behavior ::run [ RunTime:0.001748s ]
INFO: ShowRuntime Behavior ::run [ RunTime:0.003214s ]
INFO: [ view_filter ] --END-- [ RunTime:0.010509s ]
INFO: [ view_end ] --START--
INFO: ShowPageTrace Behavior ::run [ RunTime:0.003086s ]
INFO: [ view_end ] --END-- [ RunTime:0.003238s ]

[ 2015-06-22T20:59:50+08:00 ] 127.0.0.1 /ThinkPHP3.1.3_full/hunlian_back/index.php?s=/Public/checkLogin
INFO: [ route_check ] --START--
INFO: CheckRoute Behavior ::run [ RunTime:0.001487s ]
INFO: [ route_check ] --END-- [ RunTime:0.001674s ]
INFO: [ app_begin ] --START--
INFO: ReadHtmlCache Behavior ::run [ RunTime:0.001408s ]
INFO: [ app_begin ] --END-- [ RunTime:0.001585s ]
INFO: [ view_parse ] --START--
INFO: ParseTemplate Behavior ::run [ RunTime:0.035568s ]
INFO: [ view_parse ] --END-- [ RunTime:0.035780s ]
INFO: [ view_filter ] --START--
INFO: ContentReplace Behavior ::run [ RunTime:0.000674s ]
INFO: TokenBuild Behavior ::run [ RunTime:0.000671s ]
INFO: WriteHtmlCache Behavior ::run [ RunTime:0.001389s ]
INFO: ShowRuntime Behavior ::run [ RunTime:0.003650s ]
INFO: [ view_filter ] --END-- [ RunTime:0.006840s ]
INFO: [ view_end ] --START--
INFO: ShowPageTrace Behavior ::run [ RunTime:0.001496s ]
INFO: [ view_end ] --END-- [ RunTime:0.001649s ]

[ 2015-06-22T21:00:00+08:00 ] 127.0.0.1 /ThinkPHP3.1.3_full/hunlian_back/index.php?s=/Public/checkLogin
INFO: [ route_check ] --START--
INFO: CheckRoute Behavior ::run [ RunTime:0.001213s ]
INFO: [ route_check ] --END-- [ RunTime:0.001408s ]
INFO: [ app_begin ] --START--
INFO: ReadHtmlCache Behavior ::run [ RunTime:0.000810s ]
INFO: [ app_begin ] --END-- [ RunTime:0.000955s ]
INFO: [ view_parse ] --START--
INFO: ParseTemplate Behavior ::run [ RunTime:0.031109s ]
INFO: [ view_parse ] --END-- [ RunTime:0.031302s ]
INFO: [ view_filter ] --START--
INFO: ContentReplace Behavior ::run [ RunTime:0.000558s ]
INFO: TokenBuild Behavior ::run [ RunTime:0.001827s ]
INFO: WriteHtmlCache Behavior ::run [ RunTime:0.004833s ]
INFO: ShowRuntime Behavior ::run [ RunTime:0.003124s ]
INFO: [ view_filter ] --END-- [ RunTime:0.010711s ]
INFO: [ view_end ] --START--
INFO: ShowPageTrace Behavior ::run [ RunTime:0.001417s ]
INFO: [ view_end ] --END-- [ RunTime:0.001545s ]

[ 2015-06-22T21:00:09+08:00 ] 127.0.0.1 /ThinkPHP3.1.3_full/hunlian_back/index.php?s=/Public/checkLogin
INFO: [ route_check ] --START--
INFO: CheckRoute Behavior ::run [ RunTime:0.001126s ]
INFO: [ route_check ] --END-- [ RunTime:0.001278s ]
INFO: [ app_begin ] --START--
INFO: ReadHtmlCache Behavior ::run [ RunTime:0.001221s ]
INFO: [ app_begin ] --END-- [ RunTime:0.001370s ]
INFO: [ view_parse ] --START--
INFO: ParseTemplate Behavior ::run [ RunTime:0.021354s ]
INFO: [ view_parse ] --END-- [ RunTime:0.021525s ]
INFO: [ view_filter ] --START--
INFO: ContentReplace Behavior ::run [ RunTime:0.000592s ]
INFO: TokenBuild Behavior ::run [ RunTime:0.002109s ]
INFO: WriteHtmlCache Behavior ::run [ RunTime:0.017858s ]
INFO: ShowRuntime Behavior ::run [ RunTime:0.002683s ]
INFO: [ view_filter ] --END-- [ RunTime:0.023610s ]
INFO: [ view_end ] --START--
INFO: ShowPageTrace Behavior ::run [ RunTime:0.000879s ]
INFO: [ view_end ] --END-- [ RunTime:0.000997s ]

[ 2015-06-22T21:00:14+08:00 ] 127.0.0.1 /ThinkPHP3.1.3_full/hunlian_back/index.php?s=/Public/checkLogin
INFO: [ route_check ] --START--
INFO: CheckRoute Behavior ::run [ RunTime:0.005307s ]
INFO: [ route_check ] --END-- [ RunTime:0.005485s ]
INFO: [ app_begin ] --START--
INFO: ReadHtmlCache Behavior ::run [ RunTime:0.002815s ]
INFO: [ app_begin ] --END-- [ RunTime:0.002962s ]
INFO: [ view_parse ] --START--
INFO: ParseTemplate Behavior ::run [ RunTime:0.015669s ]
INFO: [ view_parse ] --END-- [ RunTime:0.015833s ]
INFO: [ view_filter ] --START--
INFO: ContentReplace Behavior ::run [ RunTime:0.000999s ]
INFO: TokenBuild Behavior ::run [ RunTime:0.000632s ]
INFO: WriteHtmlCache Behavior ::run [ RunTime:0.001521s ]
INFO: ShowRuntime Behavior ::run [ RunTime:0.001350s ]
INFO: [ view_filter ] --END-- [ RunTime:0.004853s ]
INFO: [ view_end ] --START--
INFO: ShowPageTrace Behavior ::run [ RunTime:0.000910s ]
INFO: [ view_end ] --END-- [ RunTime:0.001028s ]

[ 2015-06-22T21:00:49+08:00 ] 127.0.0.1 /ThinkPHP3.1.3_full/hunlian_back/index.php?s=/Public/checkLogin
INFO: [ route_check ] --START--
INFO: CheckRoute Behavior ::run [ RunTime:0.001144s ]
INFO: [ route_check ] --END-- [ RunTime:0.001299s ]
INFO: [ app_begin ] --START--
INFO: ReadHtmlCache Behavior ::run [ RunTime:0.000822s ]
INFO: [ app_begin ] --END-- [ RunTime:0.000970s ]
INFO: [ view_parse ] --START--
INFO: ParseTemplate Behavior ::run [ RunTime:0.020263s ]
INFO: [ view_parse ] --END-- [ RunTime:0.020458s ]
INFO: [ view_filter ] --START--
INFO: ContentReplace Behavior ::run [ RunTime:0.000549s ]
INFO: TokenBuild Behavior ::run [ RunTime:0.000558s ]
INFO: WriteHtmlCache Behavior ::run [ RunTime:0.001322s ]
INFO: ShowRuntime Behavior ::run [ RunTime:0.003846s ]
INFO: [ view_filter ] --END-- [ RunTime:0.006664s ]
INFO: [ view_end ] --START--
INFO: ShowPageTrace Behavior ::run [ RunTime:0.000959s ]
INFO: [ view_end ] --END-- [ RunTime:0.001083s ]

[ 2015-06-22T21:02:02+08:00 ] 127.0.0.1 /ThinkPHP3.1.3_full/hunlian_back/index.php?s=/Public/login/
INFO: [ route_check ] --START--
INFO: CheckRoute Behavior ::run [ RunTime:0.007294s ]
INFO: [ route_check ] --END-- [ RunTime:0.007483s ]
INFO: [ app_begin ] --START--
INFO: ReadHtmlCache Behavior ::run [ RunTime:0.006636s ]
INFO: [ app_begin ] --END-- [ RunTime:0.006792s ]
INFO: [ view_parse ] --START--
INFO: ParseTemplate Behavior ::run [ RunTime:0.026598s ]
INFO: [ view_parse ] --END-- [ RunTime:0.026796s ]
INFO: [ view_filter ] --START--
INFO: ContentReplace Behavior ::run [ RunTime:0.001042s ]
INFO: TokenBuild Behavior ::run [ RunTime:0.001082s ]
INFO: WriteHtmlCache Behavior ::run [ RunTime:0.001560s ]
INFO: ShowRuntime Behavior ::run [ RunTime:0.001586s ]
INFO: [ view_filter ] --END-- [ RunTime:0.005635s ]
INFO: [ view_end ] --START--
INFO: ShowPageTrace Behavior ::run [ RunTime:0.006259s ]
INFO: [ view_end ] --END-- [ RunTime:0.006386s ]

[ 2015-06-22T21:02:07+08:00 ] 127.0.0.1 /ThinkPHP3.1.3_full/hunlian_back/index.php?s=/Public/checkLogin
INFO: [ route_check ] --START--
INFO: CheckRoute Behavior ::run [ RunTime:0.002657s ]
INFO: [ route_check ] --END-- [ RunTime:0.002824s ]
INFO: [ app_begin ] --START--
INFO: ReadHtmlCache Behavior ::run [ RunTime:0.000859s ]
INFO: [ app_begin ] --END-- [ RunTime:0.001006s ]
SQL: SELECT * FROM `hunlian_` WHERE ( `account` = 'root' ) AND ( `status` > 0 ) LIMIT 1   [ RunTime:0.012641s ]
ERR: 1146:Table 'hunlian.hunlian_' doesn't exist
 [ SQL语句 ] : SELECT * FROM `hunlian_` WHERE ( `account` = 'root' ) AND ( `status` > 0 ) LIMIT 1  
INFO: [ view_parse ] --START--
INFO: ParseTemplate Behavior ::run [ RunTime:0.026218s ]
INFO: [ view_parse ] --END-- [ RunTime:0.026407s ]
INFO: [ view_filter ] --START--
INFO: ContentReplace Behavior ::run [ RunTime:0.000564s ]
INFO: TokenBuild Behavior ::run [ RunTime:0.000621s ]
INFO: WriteHtmlCache Behavior ::run [ RunTime:0.002219s ]
INFO: ShowRuntime Behavior ::run [ RunTime:0.007004s ]
INFO: [ view_filter ] --END-- [ RunTime:0.010860s ]
INFO: [ view_end ] --START--
INFO: ShowPageTrace Behavior ::run [ RunTime:0.000982s ]
INFO: [ view_end ] --END-- [ RunTime:0.002247s ]

[ 2015-06-22T21:02:17+08:00 ] 127.0.0.1 /ThinkPHP3.1.3_full/hunlian_back/index.php?s=/Public/checkLogin
INFO: [ route_check ] --START--
INFO: CheckRoute Behavior ::run [ RunTime:0.005577s ]
INFO: [ route_check ] --END-- [ RunTime:0.005742s ]
INFO: [ app_begin ] --START--
INFO: ReadHtmlCache Behavior ::run [ RunTime:0.000423s ]
INFO: [ app_begin ] --END-- [ RunTime:0.000496s ]
SQL: SELECT * FROM `hunlian_` WHERE ( `account` = 'admin' ) AND ( `status` > 0 ) LIMIT 1   [ RunTime:0.000000s ]
ERR: 1146:Table 'hunlian.hunlian_' doesn't exist
 [ SQL语句 ] : SELECT * FROM `hunlian_` WHERE ( `account` = 'admin' ) AND ( `status` > 0 ) LIMIT 1  
INFO: [ view_parse ] --START--
INFO: ParseTemplate Behavior ::run [ RunTime:0.031250s ]
INFO: [ view_parse ] --END-- [ RunTime:0.031250s ]
INFO: [ view_filter ] --START--
INFO: ContentReplace Behavior ::run [ RunTime:0.000000s ]
INFO: TokenBuild Behavior ::run [ RunTime:0.000000s ]
INFO: WriteHtmlCache Behavior ::run [ RunTime:0.015625s ]
INFO: ShowRuntime Behavior ::run [ RunTime:0.000000s ]
INFO: [ view_filter ] --END-- [ RunTime:0.015625s ]
INFO: [ view_end ] --START--
INFO: ShowPageTrace Behavior ::run [ RunTime:0.000000s ]
INFO: [ view_end ] --END-- [ RunTime:0.000000s ]

[ 2015-06-22T21:04:56+08:00 ] 127.0.0.1 /ThinkPHP3.1.3_full/hunlian_back/index.php?s=/Public/checkLogin
INFO: [ route_check ] --START--
INFO: CheckRoute Behavior ::run [ RunTime:0.004591s ]
INFO: [ route_check ] --END-- [ RunTime:0.004790s ]
INFO: [ app_begin ] --START--
INFO: ReadHtmlCache Behavior ::run [ RunTime:0.002974s ]
INFO: [ app_begin ] --END-- [ RunTime:0.003127s ]
SQL: SELECT * FROM `hunlian_` WHERE ( `account` = 'admin' ) AND ( `status` > 0 ) LIMIT 1   [ RunTime:0.000000s ]
ERR: 1146:Table 'hunlian.hunlian_' doesn't exist
 [ SQL语句 ] : SELECT * FROM `hunlian_` WHERE ( `account` = 'admin' ) AND ( `status` > 0 ) LIMIT 1  

[ 2015-06-22T21:05:12+08:00 ] 127.0.0.1 /ThinkPHP3.1.3_full/hunlian_back/index.php?s=/Public/checkLogin
INFO: [ route_check ] --START--
INFO: CheckRoute Behavior ::run [ RunTime:0.002165s ]
INFO: [ route_check ] --END-- [ RunTime:0.002326s ]
INFO: [ app_begin ] --START--
INFO: ReadHtmlCache Behavior ::run [ RunTime:0.000805s ]
INFO: [ app_begin ] --END-- [ RunTime:0.000939s ]
SQL: SELECT * FROM `hunlian_` WHERE ( `account` = 'admin' ) AND ( `status` > 0 ) LIMIT 1   [ RunTime:0.000929s ]
ERR: 1146:Table 'hunlian.hunlian_' doesn't exist
 [ SQL语句 ] : SELECT * FROM `hunlian_` WHERE ( `account` = 'admin' ) AND ( `status` > 0 ) LIMIT 1  

[ 2015-06-22T21:06:41+08:00 ] 127.0.0.1 /ThinkPHP3.1.3_full/hunlian_back/index.php?s=/Public/checkLogin
INFO: [ route_check ] --START--
INFO: CheckRoute Behavior ::run [ RunTime:0.001121s ]
INFO: [ route_check ] --END-- [ RunTime:0.001281s ]
INFO: [ app_begin ] --START--
INFO: ReadHtmlCache Behavior ::run [ RunTime:0.000802s ]
INFO: [ app_begin ] --END-- [ RunTime:0.000936s ]
SQL: SELECT * FROM `hunlian_` WHERE ( `account` = 'admin' ) AND ( `status` > 0 ) LIMIT 1   [ RunTime:0.000510s ]
ERR: 1146:Table 'hunlian.hunlian_' doesn't exist
 [ SQL语句 ] : SELECT * FROM `hunlian_` WHERE ( `account` = 'admin' ) AND ( `status` > 0 ) LIMIT 1  

[ 2015-06-22T21:07:19+08:00 ] 127.0.0.1 /ThinkPHP3.1.3_full/hunlian_back/index.php?s=/Public/checkLogin
INFO: [ route_check ] --START--
INFO: CheckRoute Behavior ::run [ RunTime:0.001536s ]
INFO: [ route_check ] --END-- [ RunTime:0.001723s ]
INFO: [ app_begin ] --START--
INFO: ReadHtmlCache Behavior ::run [ RunTime:0.001221s ]
INFO: [ app_begin ] --END-- [ RunTime:0.001367s ]
SQL: SELECT * FROM `hunlian_` WHERE ( `account` = 'admin' ) AND ( `status` > 0 ) LIMIT 1   [ RunTime:0.000463s ]
ERR: 1146:Table 'hunlian.hunlian_' doesn't exist
 [ SQL语句 ] : SELECT * FROM `hunlian_` WHERE ( `account` = 'admin' ) AND ( `status` > 0 ) LIMIT 1  
NOTIC: [8] Undefined variable:  D:\www\ThinkPHP3.1.3_full\ThinkPHP\Lib\Core\Model.class.php 第 613 行.

[ 2015-06-22T21:07:32+08:00 ] 127.0.0.1 /ThinkPHP3.1.3_full/hunlian_back/index.php?s=/Public/checkLogin
INFO: [ route_check ] --START--
INFO: CheckRoute Behavior ::run [ RunTime:0.001334s ]
INFO: [ route_check ] --END-- [ RunTime:0.001489s ]
INFO: [ app_begin ] --START--
INFO: ReadHtmlCache Behavior ::run [ RunTime:0.000790s ]
INFO: [ app_begin ] --END-- [ RunTime:0.000932s ]
SQL: SELECT * FROM `hunlian_` WHERE ( `account` = 'admin' ) AND ( `status` > 0 ) LIMIT 1   [ RunTime:0.000462s ]
ERR: 1146:Table 'hunlian.hunlian_' doesn't exist
 [ SQL语句 ] : SELECT * FROM `hunlian_` WHERE ( `account` = 'admin' ) AND ( `status` > 0 ) LIMIT 1  

[ 2015-06-22T21:07:38+08:00 ] 127.0.0.1 /ThinkPHP3.1.3_full/hunlian_back/index.php?s=/Public/checkLogin
INFO: [ route_check ] --START--
INFO: CheckRoute Behavior ::run [ RunTime:0.001114s ]
INFO: [ route_check ] --END-- [ RunTime:0.001265s ]
INFO: [ app_begin ] --START--
INFO: ReadHtmlCache Behavior ::run [ RunTime:0.001070s ]
INFO: [ app_begin ] --END-- [ RunTime:0.001198s ]
SQL: SELECT * FROM `hunlian_` WHERE ( `account` = 'admin' ) AND ( `status` > 0 ) LIMIT 1   [ RunTime:0.000531s ]
ERR: 1146:Table 'hunlian.hunlian_' doesn't exist
 [ SQL语句 ] : SELECT * FROM `hunlian_` WHERE ( `account` = 'admin' ) AND ( `status` > 0 ) LIMIT 1  

[ 2015-06-22T21:09:09+08:00 ] 127.0.0.1 /ThinkPHP3.1.3_full/hunlian_back/index.php?s=/Public/checkLogin
INFO: [ route_check ] --START--
INFO: CheckRoute Behavior ::run [ RunTime:0.002169s ]
INFO: [ route_check ] --END-- [ RunTime:0.002323s ]
INFO: [ app_begin ] --START--
INFO: ReadHtmlCache Behavior ::run [ RunTime:0.000803s ]
INFO: [ app_begin ] --END-- [ RunTime:0.000947s ]
SQL: SELECT * FROM `hunlian_` WHERE ( `account` = 'admin' ) AND ( `status` > 0 ) LIMIT 1   [ RunTime:0.000000s ]
ERR: 1146:Table 'hunlian.hunlian_' doesn't exist
 [ SQL语句 ] : SELECT * FROM `hunlian_` WHERE ( `account` = 'admin' ) AND ( `status` > 0 ) LIMIT 1  

[ 2015-06-22T21:09:11+08:00 ] 127.0.0.1 /ThinkPHP3.1.3_full/hunlian_back/index.php?s=/Public/checkLogin
INFO: [ route_check ] --START--
INFO: CheckRoute Behavior ::run [ RunTime:0.001238s ]
INFO: [ route_check ] --END-- [ RunTime:0.001415s ]
INFO: [ app_begin ] --START--
INFO: ReadHtmlCache Behavior ::run [ RunTime:0.000805s ]
INFO: [ app_begin ] --END-- [ RunTime:0.000948s ]
SQL: SELECT * FROM `hunlian_` WHERE ( `account` = 'admin' ) AND ( `status` > 0 ) LIMIT 1   [ RunTime:0.000412s ]
ERR: 1146:Table 'hunlian.hunlian_' doesn't exist
 [ SQL语句 ] : SELECT * FROM `hunlian_` WHERE ( `account` = 'admin' ) AND ( `status` > 0 ) LIMIT 1  

[ 2015-06-22T21:09:12+08:00 ] 127.0.0.1 /ThinkPHP3.1.3_full/hunlian_back/index.php?s=/Public/checkLogin
INFO: [ route_check ] --START--
INFO: CheckRoute Behavior ::run [ RunTime:0.002782s ]
INFO: [ route_check ] --END-- [ RunTime:0.002954s ]
INFO: [ app_begin ] --START--
INFO: ReadHtmlCache Behavior ::run [ RunTime:0.000779s ]
INFO: [ app_begin ] --END-- [ RunTime:0.000925s ]
SQL: SELECT * FROM `hunlian_` WHERE ( `account` = 'admin' ) AND ( `status` > 0 ) LIMIT 1   [ RunTime:0.000424s ]
ERR: 1146:Table 'hunlian.hunlian_' doesn't exist
 [ SQL语句 ] : SELECT * FROM `hunlian_` WHERE ( `account` = 'admin' ) AND ( `status` > 0 ) LIMIT 1  

[ 2015-06-22T21:09:13+08:00 ] 127.0.0.1 /ThinkPHP3.1.3_full/hunlian_back/index.php?s=/Public/checkLogin
INFO: [ route_check ] --START--
INFO: CheckRoute Behavior ::run [ RunTime:0.003052s ]
INFO: [ route_check ] --END-- [ RunTime:0.003405s ]
INFO: [ app_begin ] --START--
INFO: ReadHtmlCache Behavior ::run [ RunTime:0.053801s ]
INFO: [ app_begin ] --END-- [ RunTime:0.054190s ]
SQL: SELECT * FROM `hunlian_` WHERE ( `account` = 'admin' ) AND ( `status` > 0 ) LIMIT 1   [ RunTime:0.000416s ]
ERR: 1146:Table 'hunlian.hunlian_' doesn't exist
 [ SQL语句 ] : SELECT * FROM `hunlian_` WHERE ( `account` = 'admin' ) AND ( `status` > 0 ) LIMIT 1  

[ 2015-06-22T21:09:21+08:00 ] 127.0.0.1 /ThinkPHP3.1.3_full/hunlian_back/index.php?s=/Public/checkLogin
INFO: [ route_check ] --START--
INFO: CheckRoute Behavior ::run [ RunTime:0.001631s ]
INFO: [ route_check ] --END-- [ RunTime:0.001781s ]
INFO: [ app_begin ] --START--
INFO: ReadHtmlCache Behavior ::run [ RunTime:0.001241s ]
INFO: [ app_begin ] --END-- [ RunTime:0.001396s ]
SQL: SELECT * FROM `hunlian_` WHERE ( `account` = 'admin' ) AND ( `status` > 0 ) LIMIT 1   [ RunTime:0.000422s ]
ERR: 1146:Table 'hunlian.hunlian_' doesn't exist
 [ SQL语句 ] : SELECT * FROM `hunlian_` WHERE ( `account` = 'admin' ) AND ( `status` > 0 ) LIMIT 1  

[ 2015-06-22T21:09:33+08:00 ] 127.0.0.1 /ThinkPHP3.1.3_full/hunlian_back/index.php?s=/Public/checkLogin
INFO: [ route_check ] --START--
INFO: CheckRoute Behavior ::run [ RunTime:0.001439s ]
INFO: [ route_check ] --END-- [ RunTime:0.001626s ]
INFO: [ app_begin ] --START--
INFO: ReadHtmlCache Behavior ::run [ RunTime:0.001773s ]
INFO: [ app_begin ] --END-- [ RunTime:0.001938s ]
SQL: SELECT * FROM `hunlian_` WHERE ( `account` = 'admin' ) AND ( `status` > 0 ) LIMIT 1   [ RunTime:0.000530s ]
ERR: 1146:Table 'hunlian.hunlian_' doesn't exist
 [ SQL语句 ] : SELECT * FROM `hunlian_` WHERE ( `account` = 'admin' ) AND ( `status` > 0 ) LIMIT 1  

[ 2015-06-22T21:11:30+08:00 ] 127.0.0.1 /ThinkPHP3.1.3_full/hunlian_back/index.php?s=/Public/checkLogin
INFO: [ route_check ] --START--
INFO: CheckRoute Behavior ::run [ RunTime:0.006874s ]
INFO: [ route_check ] --END-- [ RunTime:0.007032s ]
INFO: [ app_begin ] --START--
INFO: ReadHtmlCache Behavior ::run [ RunTime:0.003071s ]
INFO: [ app_begin ] --END-- [ RunTime:0.003225s ]
SQL: SELECT * FROM `hunlian_` WHERE ( `account` = 'admin' ) AND ( `status` > 0 ) LIMIT 1   [ RunTime:0.000416s ]
ERR: 1146:Table 'hunlian.hunlian_' doesn't exist
 [ SQL语句 ] : SELECT * FROM `hunlian_` WHERE ( `account` = 'admin' ) AND ( `status` > 0 ) LIMIT 1  

[ 2015-06-22T21:11:39+08:00 ] 127.0.0.1 /ThinkPHP3.1.3_full/hunlian_back/index.php?s=/Public/checkLogin
INFO: [ route_check ] --START--
INFO: CheckRoute Behavior ::run [ RunTime:0.001126s ]
INFO: [ route_check ] --END-- [ RunTime:0.001290s ]
INFO: [ app_begin ] --START--
INFO: ReadHtmlCache Behavior ::run [ RunTime:0.000789s ]
INFO: [ app_begin ] --END-- [ RunTime:0.000913s ]
SQL: SELECT * FROM `hunlian_` WHERE ( `account` = 'admin' ) AND ( `status` > 0 ) LIMIT 1   [ RunTime:0.000417s ]
ERR: 1146:Table 'hunlian.hunlian_' doesn't exist
 [ SQL语句 ] : SELECT * FROM `hunlian_` WHERE ( `account` = 'admin' ) AND ( `status` > 0 ) LIMIT 1  

[ 2015-06-22T21:11:59+08:00 ] 127.0.0.1 /ThinkPHP3.1.3_full/hunlian_back/index.php?s=/Public/checkLogin
INFO: [ route_check ] --START--
INFO: CheckRoute Behavior ::run [ RunTime:0.001417s ]
INFO: [ route_check ] --END-- [ RunTime:0.001634s ]
INFO: [ app_begin ] --START--
INFO: ReadHtmlCache Behavior ::run [ RunTime:0.003219s ]
INFO: [ app_begin ] --END-- [ RunTime:0.003391s ]
SQL: SELECT * FROM `hunlian_` WHERE ( `account` = 'admin' ) AND ( `status` > 0 ) LIMIT 1   [ RunTime:0.000495s ]
ERR: 1146:Table 'hunlian.hunlian_' doesn't exist
 [ SQL语句 ] : SELECT * FROM `hunlian_` WHERE ( `account` = 'admin' ) AND ( `status` > 0 ) LIMIT 1  

[ 2015-06-22T21:14:17+08:00 ] 127.0.0.1 /ThinkPHP3.1.3_full/hunlian_back/index.php?s=/Public/checkLogin
ERR: 模板不存在[./Tpl/Public/success.html]

[ 2015-06-22T23:36:34+08:00 ] 127.0.0.1 /ThinkPHP3.1.3_full/hunlian_back/index.php?s=/Node
ERR: 模板不存在[./Tpl/Node/index.html]

