[ 2015-06-22T03:25:01+08:00 ] 127.0.0.1 /ThinkPHP3.1.3_full/ajax/
INFO: [ app_begin ] --START--
INFO: ReadHtmlCache Behavior ::run [ RunTime:0.001367s ]
INFO: [ app_begin ] --END-- [ RunTime:0.001536s ]
NOTIC: [2] mysql_connect() [<a href='function.mysql-connect'>function.mysql-connect</a>]: Access denied for user 'root'@'localhost' (using password: NO) D:\www\ThinkPHP3.1.3_full\ThinkPHP\Lib\Driver\Db\DbMysql.class.php 第 55 行.
ERR: Access denied for user 'root'@'localhost' (using password: NO)

[ 2015-06-22T03:25:53+08:00 ] 127.0.0.1 /ThinkPHP3.1.3_full/ajax/
INFO: [ app_begin ] --START--
INFO: ReadHtmlCache Behavior ::run [ RunTime:0.001382s ]
INFO: [ app_begin ] --END-- [ RunTime:0.001541s ]
ERR: Unknown database 'examples'

[ 2015-06-22T03:30:40+08:00 ] 127.0.0.1 /ThinkPHP3.1.3_full/ajax/
INFO: [ app_begin ] --START--
INFO: ReadHtmlCache Behavior ::run [ RunTime:0.001240s ]
INFO: [ app_begin ] --END-- [ RunTime:0.001452s ]
SQL: SHOW COLUMNS FROM `think_form` [ RunTime:0.056728s ]
ERR: 1146:Table 'examples.think_form' doesn't exist
 [ SQL语句 ] : SHOW COLUMNS FROM `think_form`
SQL: SELECT * FROM `think_form` ORDER BY id desc LIMIT 3   [ RunTime:0.004476s ]
ERR: 1146:Table 'examples.think_form' doesn't exist
 [ SQL语句 ] : SELECT * FROM `think_form` ORDER BY id desc LIMIT 3  
INFO: [ view_parse ] --START--
INFO: ParseTemplate Behavior ::run [ RunTime:0.041008s ]
INFO: [ view_parse ] --END-- [ RunTime:0.041162s ]
INFO: [ view_filter ] --START--
INFO: ContentReplace Behavior ::run [ RunTime:0.001891s ]
INFO: TokenBuild Behavior ::run [ RunTime:0.001638s ]
INFO: WriteHtmlCache Behavior ::run [ RunTime:0.000881s ]
INFO: ShowRuntime Behavior ::run [ RunTime:0.001218s ]
INFO: [ view_filter ] --END-- [ RunTime:0.005987s ]
INFO: [ view_end ] --START--
INFO: ShowPageTrace Behavior ::run [ RunTime:0.003603s ]
INFO: [ view_end ] --END-- [ RunTime:0.003726s ]

[ 2015-06-22T03:35:56+08:00 ] 127.0.0.1 /ThinkPHP3.1.3_full/ajax/index.php
INFO: [ app_begin ] --START--
INFO: ReadHtmlCache Behavior ::run [ RunTime:0.001558s ]
INFO: [ app_begin ] --END-- [ RunTime:0.001736s ]
SQL: SHOW COLUMNS FROM `think_form` [ RunTime:0.005081s ]
ERR: 1146:Table 'examples.think_form' doesn't exist
 [ SQL语句 ] : SHOW COLUMNS FROM `think_form`
SQL: SELECT * FROM `think_form` ORDER BY id desc LIMIT 3   [ RunTime:0.006929s ]
ERR: 1146:Table 'examples.think_form' doesn't exist
 [ SQL语句 ] : SELECT * FROM `think_form` ORDER BY id desc LIMIT 3  
INFO: [ view_parse ] --START--
INFO: ParseTemplate Behavior ::run [ RunTime:0.050772s ]
INFO: [ view_parse ] --END-- [ RunTime:0.050825s ]
INFO: [ view_filter ] --START--
INFO: ContentReplace Behavior ::run [ RunTime:0.000000s ]
INFO: TokenBuild Behavior ::run [ RunTime:0.000000s ]
INFO: WriteHtmlCache Behavior ::run [ RunTime:0.000000s ]
INFO: ShowRuntime Behavior ::run [ RunTime:0.000000s ]
INFO: [ view_filter ] --END-- [ RunTime:0.000000s ]
INFO: [ view_end ] --START--
INFO: ShowPageTrace Behavior ::run [ RunTime:0.000000s ]
INFO: [ view_end ] --END-- [ RunTime:0.000000s ]

[ 2015-06-22T03:36:50+08:00 ] 127.0.0.1 /ThinkPHP3.1.3_full/ajax/index.php
INFO: [ app_begin ] --START--
INFO: ReadHtmlCache Behavior ::run [ RunTime:0.001080s ]
INFO: [ app_begin ] --END-- [ RunTime:0.001252s ]
SQL: SHOW COLUMNS FROM `think_form` [ RunTime:0.003761s ]
ERR: 1146:Table 'examples.think_form' doesn't exist
 [ SQL语句 ] : SHOW COLUMNS FROM `think_form`
SQL: SELECT * FROM `think_form` ORDER BY id desc LIMIT 3   [ RunTime:0.004960s ]
ERR: 1146:Table 'examples.think_form' doesn't exist
 [ SQL语句 ] : SELECT * FROM `think_form` ORDER BY id desc LIMIT 3  
INFO: [ view_parse ] --START--
INFO: ParseTemplate Behavior ::run [ RunTime:0.027695s ]
INFO: [ view_parse ] --END-- [ RunTime:0.027859s ]
INFO: [ view_filter ] --START--
INFO: ContentReplace Behavior ::run [ RunTime:0.000625s ]
INFO: TokenBuild Behavior ::run [ RunTime:0.000580s ]
INFO: WriteHtmlCache Behavior ::run [ RunTime:0.000380s ]
INFO: ShowRuntime Behavior ::run [ RunTime:0.000717s ]
INFO: [ view_filter ] --END-- [ RunTime:0.002622s ]
INFO: [ view_end ] --START--
INFO: ShowPageTrace Behavior ::run [ RunTime:0.000867s ]
INFO: [ view_end ] --END-- [ RunTime:0.000981s ]

[ 2015-06-22T03:37:54+08:00 ] 127.0.0.1 /ThinkPHP3.1.3_full/ajax/index.php/index
INFO: [ route_check ] --START--
INFO: CheckRoute Behavior ::run [ RunTime:0.002770s ]
INFO: [ route_check ] --END-- [ RunTime:0.002924s ]
INFO: [ app_begin ] --START--
INFO: ReadHtmlCache Behavior ::run [ RunTime:0.012137s ]
INFO: [ app_begin ] --END-- [ RunTime:0.012281s ]
ERR: 无法加载模块:index

[ 2015-06-22T03:38:00+08:00 ] 127.0.0.1 /ThinkPHP3.1.3_full/ajax/index.php/Index
INFO: [ route_check ] --START--
INFO: CheckRoute Behavior ::run [ RunTime:0.002325s ]
INFO: [ route_check ] --END-- [ RunTime:0.002507s ]
INFO: [ app_begin ] --START--
INFO: ReadHtmlCache Behavior ::run [ RunTime:0.003441s ]
INFO: [ app_begin ] --END-- [ RunTime:0.005935s ]
SQL: SHOW COLUMNS FROM `think_form` [ RunTime:0.005967s ]
ERR: 1146:Table 'examples.think_form' doesn't exist
 [ SQL语句 ] : SHOW COLUMNS FROM `think_form`
SQL: SELECT * FROM `think_form` ORDER BY id desc LIMIT 3   [ RunTime:0.008571s ]
ERR: 1146:Table 'examples.think_form' doesn't exist
 [ SQL语句 ] : SELECT * FROM `think_form` ORDER BY id desc LIMIT 3  
INFO: [ view_parse ] --START--
INFO: ParseTemplate Behavior ::run [ RunTime:0.037597s ]
INFO: [ view_parse ] --END-- [ RunTime:0.037790s ]
INFO: [ view_filter ] --START--
INFO: ContentReplace Behavior ::run [ RunTime:0.001932s ]
INFO: TokenBuild Behavior ::run [ RunTime:0.001330s ]
INFO: WriteHtmlCache Behavior ::run [ RunTime:0.001202s ]
INFO: ShowRuntime Behavior ::run [ RunTime:0.001543s ]
INFO: [ view_filter ] --END-- [ RunTime:0.006569s ]
INFO: [ view_end ] --START--
INFO: ShowPageTrace Behavior ::run [ RunTime:0.001790s ]
INFO: [ view_end ] --END-- [ RunTime:0.001938s ]

[ 2015-06-22T03:39:11+08:00 ] 127.0.0.1 /ThinkPHP3.1.3_full/ajax/index.php/Index
INFO: [ route_check ] --START--
INFO: CheckRoute Behavior ::run [ RunTime:0.001182s ]
INFO: [ route_check ] --END-- [ RunTime:0.001341s ]
INFO: [ app_begin ] --START--
INFO: ReadHtmlCache Behavior ::run [ RunTime:0.000793s ]
INFO: [ app_begin ] --END-- [ RunTime:0.000942s ]
SQL: SHOW COLUMNS FROM `think_form` [ RunTime:0.002893s ]
ERR: 1146:Table 'examples.think_form' doesn't exist
 [ SQL语句 ] : SHOW COLUMNS FROM `think_form`
SQL: SELECT * FROM `think_form` ORDER BY id desc LIMIT 3   [ RunTime:0.004774s ]
ERR: 1146:Table 'examples.think_form' doesn't exist
 [ SQL语句 ] : SELECT * FROM `think_form` ORDER BY id desc LIMIT 3  
INFO: [ view_parse ] --START--
INFO: ParseTemplate Behavior ::run [ RunTime:0.021928s ]
INFO: [ view_parse ] --END-- [ RunTime:0.022084s ]
INFO: [ view_filter ] --START--
INFO: ContentReplace Behavior ::run [ RunTime:0.000583s ]
INFO: TokenBuild Behavior ::run [ RunTime:0.000550s ]
INFO: WriteHtmlCache Behavior ::run [ RunTime:0.000769s ]
INFO: ShowRuntime Behavior ::run [ RunTime:0.000731s ]
INFO: [ view_filter ] --END-- [ RunTime:0.003092s ]
INFO: [ view_end ] --START--
INFO: ShowPageTrace Behavior ::run [ RunTime:0.001128s ]
INFO: [ view_end ] --END-- [ RunTime:0.001250s ]

[ 2015-06-22T03:39:14+08:00 ] 127.0.0.1 /ThinkPHP3.1.3_full/ajax/
INFO: [ app_begin ] --START--
INFO: ReadHtmlCache Behavior ::run [ RunTime:0.002626s ]
INFO: [ app_begin ] --END-- [ RunTime:0.002816s ]
SQL: SHOW COLUMNS FROM `think_form` [ RunTime:0.003678s ]
ERR: 1146:Table 'examples.think_form' doesn't exist
 [ SQL语句 ] : SHOW COLUMNS FROM `think_form`
SQL: SELECT * FROM `think_form` ORDER BY id desc LIMIT 3   [ RunTime:0.012113s ]
ERR: 1146:Table 'examples.think_form' doesn't exist
 [ SQL语句 ] : SELECT * FROM `think_form` ORDER BY id desc LIMIT 3  
INFO: [ view_parse ] --START--
INFO: ParseTemplate Behavior ::run [ RunTime:0.025539s ]
INFO: [ view_parse ] --END-- [ RunTime:0.025717s ]
INFO: [ view_filter ] --START--
INFO: ContentReplace Behavior ::run [ RunTime:0.000766s ]
INFO: TokenBuild Behavior ::run [ RunTime:0.000678s ]
INFO: WriteHtmlCache Behavior ::run [ RunTime:0.000457s ]
INFO: ShowRuntime Behavior ::run [ RunTime:0.000868s ]
INFO: [ view_filter ] --END-- [ RunTime:0.003217s ]
INFO: [ view_end ] --START--
INFO: ShowPageTrace Behavior ::run [ RunTime:0.004704s ]
INFO: [ view_end ] --END-- [ RunTime:0.004856s ]

[ 2015-06-22T03:39:32+08:00 ] 127.0.0.1 /ThinkPHP3.1.3_full/ajax/index.php?s=/Index/insert
INFO: [ route_check ] --START--
INFO: CheckRoute Behavior ::run [ RunTime:0.002814s ]
INFO: [ route_check ] --END-- [ RunTime:0.003034s ]
INFO: [ app_begin ] --START--
INFO: ReadHtmlCache Behavior ::run [ RunTime:0.003087s ]
INFO: [ app_begin ] --END-- [ RunTime:0.003246s ]
SQL: SHOW COLUMNS FROM `think_form` [ RunTime:0.008794s ]
ERR: 1146:Table 'examples.think_form' doesn't exist
 [ SQL语句 ] : SHOW COLUMNS FROM `think_form`
SQL: SELECT * FROM `think_form` WHERE ( `title` = 'aaa' ) LIMIT 1   [ RunTime:0.065416s ]
ERR: 1146:Table 'examples.think_form' doesn't exist
 [ SQL语句 ] : SELECT * FROM `think_form` WHERE ( `title` = 'aaa' ) LIMIT 1  

[ 2015-06-22T03:39:34+08:00 ] 127.0.0.1 /ThinkPHP3.1.3_full/ajax/index.php?s=/Index/insert
INFO: [ route_check ] --START--
INFO: CheckRoute Behavior ::run [ RunTime:0.001492s ]
INFO: [ route_check ] --END-- [ RunTime:0.001673s ]
INFO: [ app_begin ] --START--
INFO: ReadHtmlCache Behavior ::run [ RunTime:0.001064s ]
INFO: [ app_begin ] --END-- [ RunTime:0.001320s ]
SQL: SHOW COLUMNS FROM `think_form` [ RunTime:0.003806s ]
ERR: 1146:Table 'examples.think_form' doesn't exist
 [ SQL语句 ] : SHOW COLUMNS FROM `think_form`
SQL: SELECT * FROM `think_form` WHERE ( `title` = 'aaa' ) LIMIT 1   [ RunTime:0.003241s ]
ERR: 1146:Table 'examples.think_form' doesn't exist
 [ SQL语句 ] : SELECT * FROM `think_form` WHERE ( `title` = 'aaa' ) LIMIT 1  
NOTIC: [2] in_array() [<a href='function.in-array'>function.in-array</a>]: Wrong datatype for second argument D:\www\ThinkPHP3.1.3_full\ThinkPHP\Lib\Core\Model.class.php 第 821 行.
NOTIC: [2] in_array() [<a href='function.in-array'>function.in-array</a>]: Wrong datatype for second argument D:\www\ThinkPHP3.1.3_full\ThinkPHP\Lib\Core\Model.class.php 第 821 行.
NOTIC: [2] in_array() [<a href='function.in-array'>function.in-array</a>]: Wrong datatype for second argument D:\www\ThinkPHP3.1.3_full\ThinkPHP\Lib\Core\Model.class.php 第 821 行.
SQL: INSERT INTO `think_form` (`create_time`) VALUES (1434915574) [ RunTime:0.002819s ]
ERR: 1146:Table 'examples.think_form' doesn't exist
 [ SQL语句 ] : INSERT INTO `think_form` (`create_time`) VALUES (1434915574)

[ 2015-06-22T03:39:43+08:00 ] 127.0.0.1 /ThinkPHP3.1.3_full/ajax/index.php/Index
INFO: [ route_check ] --START--
INFO: CheckRoute Behavior ::run [ RunTime:0.003270s ]
INFO: [ route_check ] --END-- [ RunTime:0.003456s ]
INFO: [ app_begin ] --START--
INFO: ReadHtmlCache Behavior ::run [ RunTime:0.001120s ]
INFO: [ app_begin ] --END-- [ RunTime:0.002558s ]
SQL: SHOW COLUMNS FROM `think_form` [ RunTime:0.013932s ]
ERR: 1146:Table 'examples.think_form' doesn't exist
 [ SQL语句 ] : SHOW COLUMNS FROM `think_form`
SQL: SELECT * FROM `think_form` ORDER BY id desc LIMIT 3   [ RunTime:0.002351s ]
ERR: 1146:Table 'examples.think_form' doesn't exist
 [ SQL语句 ] : SELECT * FROM `think_form` ORDER BY id desc LIMIT 3  
INFO: [ view_parse ] --START--
INFO: ParseTemplate Behavior ::run [ RunTime:0.031917s ]
INFO: [ view_parse ] --END-- [ RunTime:0.032077s ]
INFO: [ view_filter ] --START--
INFO: ContentReplace Behavior ::run [ RunTime:0.001205s ]
INFO: TokenBuild Behavior ::run [ RunTime:0.007973s ]
INFO: WriteHtmlCache Behavior ::run [ RunTime:0.004916s ]
INFO: ShowRuntime Behavior ::run [ RunTime:0.001324s ]
INFO: [ view_filter ] --END-- [ RunTime:0.015852s ]
INFO: [ view_end ] --START--
INFO: ShowPageTrace Behavior ::run [ RunTime:0.005941s ]
INFO: [ view_end ] --END-- [ RunTime:0.006068s ]

