[ 2015-06-23T15:41:54+08:00 ] 127.0.0.1 /ThinkPHP3.1.3_full/rbac/
INFO: [ view_parse ] --START--
INFO: ParseTemplate Behavior ::run [ RunTime:0.030246s ]
INFO: [ view_parse ] --END-- [ RunTime:0.030412s ]
INFO: [ view_filter ] --START--
INFO: ContentReplace Behavior ::run [ RunTime:0.003261s ]
INFO: TokenBuild Behavior ::run [ RunTime:0.001008s ]
INFO: WriteHtmlCache Behavior ::run [ RunTime:0.000870s ]
INFO: ShowRuntime Behavior ::run [ RunTime:0.001507s ]
INFO: [ view_filter ] --END-- [ RunTime:0.007860s ]
INFO: [ view_end ] --START--
INFO: ShowPageTrace Behavior ::run [ RunTime:0.002794s ]
INFO: [ view_end ] --END-- [ RunTime:0.002946s ]

[ 2015-06-23T15:41:54+08:00 ] 127.0.0.1 /ThinkPHP3.1.3_full/rbac/index.php?s=/Public/top
SQL: SHOW COLUMNS FROM `think_group` [ RunTime:0.189390s ]
SQL: SELECT `id`,`title` FROM `think_group` WHERE ( status=1 )  [ RunTime:0.002071s ]
INFO: [ view_parse ] --START--
INFO: ParseTemplate Behavior ::run [ RunTime:0.049324s ]
INFO: [ view_parse ] --END-- [ RunTime:0.050097s ]
INFO: [ view_filter ] --START--
INFO: ContentReplace Behavior ::run [ RunTime:0.000577s ]
INFO: TokenBuild Behavior ::run [ RunTime:0.000544s ]
INFO: WriteHtmlCache Behavior ::run [ RunTime:0.000364s ]
INFO: ShowRuntime Behavior ::run [ RunTime:0.002529s ]
INFO: [ view_filter ] --END-- [ RunTime:0.004339s ]
INFO: [ view_end ] --START--
INFO: ShowPageTrace Behavior ::run [ RunTime:0.001171s ]
INFO: [ view_end ] --END-- [ RunTime:0.001296s ]

[ 2015-06-23T15:41:55+08:00 ] 127.0.0.1 /ThinkPHP3.1.3_full/rbac/index.php?s=/Public/menu
INFO: [ view_parse ] --START--
NOTIC: [8] Undefined variable: menuTag D:\www\ThinkPHP3.1.3_full\rbac\App\Runtime\Cache\10a6c7e591c767fd76726ec0dae6d8fa.php 第 22 行.
INFO: ParseTemplate Behavior ::run [ RunTime:0.112084s ]
INFO: [ view_parse ] --END-- [ RunTime:0.112264s ]
INFO: [ view_filter ] --START--
INFO: ContentReplace Behavior ::run [ RunTime:0.001338s ]
INFO: TokenBuild Behavior ::run [ RunTime:0.000993s ]
INFO: WriteHtmlCache Behavior ::run [ RunTime:0.001195s ]
INFO: ShowRuntime Behavior ::run [ RunTime:0.001460s ]
INFO: [ view_filter ] --END-- [ RunTime:0.005326s ]
INFO: [ view_end ] --START--
INFO: ShowPageTrace Behavior ::run [ RunTime:0.001848s ]
INFO: [ view_end ] --END-- [ RunTime:0.001989s ]

[ 2015-06-23T15:41:55+08:00 ] 127.0.0.1 /ThinkPHP3.1.3_full/rbac/index.php?s=/Public/drag
INFO: [ view_parse ] --START--
INFO: ParseTemplate Behavior ::run [ RunTime:0.070467s ]
INFO: [ view_parse ] --END-- [ RunTime:0.070677s ]
INFO: [ view_filter ] --START--
INFO: ContentReplace Behavior ::run [ RunTime:0.087688s ]
INFO: TokenBuild Behavior ::run [ RunTime:0.010823s ]
INFO: WriteHtmlCache Behavior ::run [ RunTime:0.000872s ]
INFO: ShowRuntime Behavior ::run [ RunTime:0.001087s ]
INFO: [ view_filter ] --END-- [ RunTime:0.100841s ]
INFO: [ view_end ] --START--
INFO: ShowPageTrace Behavior ::run [ RunTime:0.003180s ]
INFO: [ view_end ] --END-- [ RunTime:0.003325s ]

[ 2015-06-23T15:41:55+08:00 ] 127.0.0.1 /ThinkPHP3.1.3_full/rbac/index.php?s=/Public/footer
INFO: [ view_parse ] --START--
INFO: ParseTemplate Behavior ::run [ RunTime:0.038317s ]
INFO: [ view_parse ] --END-- [ RunTime:0.038551s ]
INFO: [ view_filter ] --START--
INFO: ContentReplace Behavior ::run [ RunTime:0.001460s ]
INFO: TokenBuild Behavior ::run [ RunTime:0.003208s ]
INFO: WriteHtmlCache Behavior ::run [ RunTime:0.001859s ]
INFO: ShowRuntime Behavior ::run [ RunTime:0.003091s ]
INFO: [ view_filter ] --END-- [ RunTime:0.010993s ]
INFO: [ view_end ] --START--
INFO: ShowPageTrace Behavior ::run [ RunTime:0.002267s ]
INFO: [ view_end ] --END-- [ RunTime:0.002441s ]

[ 2015-06-23T15:41:59+08:00 ] 127.0.0.1 /ThinkPHP3.1.3_full/rbac/index.php?s=/Public/menu/tag/2/title/%E5%BA%94%E7%94%A8%E4%B8%AD%E5%BF%83
INFO: [ view_parse ] --START--
INFO: ParseTemplate Behavior ::run [ RunTime:0.016846s ]
INFO: [ view_parse ] --END-- [ RunTime:0.017030s ]
INFO: [ view_filter ] --START--
INFO: ContentReplace Behavior ::run [ RunTime:0.000548s ]
INFO: TokenBuild Behavior ::run [ RunTime:0.001231s ]
INFO: WriteHtmlCache Behavior ::run [ RunTime:0.001115s ]
INFO: ShowRuntime Behavior ::run [ RunTime:0.001318s ]
INFO: [ view_filter ] --END-- [ RunTime:0.004562s ]
INFO: [ view_end ] --START--
INFO: ShowPageTrace Behavior ::run [ RunTime:0.000883s ]
INFO: [ view_end ] --END-- [ RunTime:0.001001s ]

[ 2015-06-23T15:41:59+08:00 ] 127.0.0.1 /ThinkPHP3.1.3_full/rbac/index.php?s=/App/index/
ERR: 无法加载模块:App

[ 2015-06-23T15:42:03+08:00 ] 127.0.0.1 /ThinkPHP3.1.3_full/rbac/index.php?s=/App/index/
ERR: 无法加载模块:App

[ 2015-06-23T15:42:55+08:00 ] 127.0.0.1 /ThinkPHP3.1.3_full/rbac/index.php?s=/App/index/
ERR: 无法加载模块:App

[ 2015-06-23T15:42:56+08:00 ] 127.0.0.1 /ThinkPHP3.1.3_full/rbac/index.php?s=/App/index/
ERR: 无法加载模块:App

[ 2015-06-23T15:42:57+08:00 ] 127.0.0.1 /ThinkPHP3.1.3_full/rbac/index.php?s=/App/index/
ERR: 无法加载模块:App

[ 2015-06-23T15:42:58+08:00 ] 127.0.0.1 /ThinkPHP3.1.3_full/rbac/index.php?s=/App/index/
ERR: 无法加载模块:App

[ 2015-06-23T15:42:58+08:00 ] 127.0.0.1 /ThinkPHP3.1.3_full/rbac/index.php?s=/App/index/
ERR: 无法加载模块:App

